#-----------------------------------------------------------
# Vivado v2020.1 (64-bit)
# SW Build 2902540 on Wed May 27 19:54:49 MDT 2020
# IP Build 2902112 on Wed May 27 22:43:36 MDT 2020
# Start of session at: Thu Mar 12 09:41:31 2026
# Process ID: 33288
# Current directory: C:/GitProjects/Lab02---Git---Krish-Kumar-Samia-Sarfaraz/CAlab5
# Command line: vivado.exe -gui_launcher_event rodinguilauncherevent31348 C:\GitProjects\Lab02---Git---Krish-Kumar-Samia-Sarfaraz\CAlab5\CAlab5.xpr
# Log file: C:/GitProjects/Lab02---Git---Krish-Kumar-Samia-Sarfaraz/CAlab5/vivado.log
# Journal file: C:/GitProjects/Lab02---Git---Krish-Kumar-Samia-Sarfaraz/CAlab5\vivado.jou
#-----------------------------------------------------------
start_gui
create_project CALab8 C:/GitProjects/Lab02---Git---Krish-Kumar-Samia-Sarfaraz/CALab8 -part xc7a35tcpg236-1
INFO: [IP_Flow 19-234] Refreshing IP repositories
INFO: [IP_Flow 19-1704] No user IP repositories specified
INFO: [IP_Flow 19-2313] Loaded Vivado IP repository 'C:/Xilinx/Vivado/2020.1/data/ip'.
create_project: Time (s): cpu = 00:00:15 ; elapsed = 00:00:09 . Memory (MB): peak = 1025.492 ; gain = 0.000
file mkdir C:/GitProjects/Lab02---Git---Krish-Kumar-Samia-Sarfaraz/CALab8/CALab8.srcs/sources_1/new
close [ open C:/GitProjects/Lab02---Git---Krish-Kumar-Samia-Sarfaraz/CALab8/CALab8.srcs/sources_1/new/switches.v w ]
add_files C:/GitProjects/Lab02---Git---Krish-Kumar-Samia-Sarfaraz/CALab8/CALab8.srcs/sources_1/new/switches.v
update_compile_order -fileset sources_1
close [ open C:/GitProjects/Lab02---Git---Krish-Kumar-Samia-Sarfaraz/CALab8/CALab8.srcs/sources_1/new/leds.v w ]
add_files C:/GitProjects/Lab02---Git---Krish-Kumar-Samia-Sarfaraz/CALab8/CALab8.srcs/sources_1/new/leds.v
update_compile_order -fileset sources_1
close [ open C:/GitProjects/Lab02---Git---Krish-Kumar-Samia-Sarfaraz/CALab8/CALab8.srcs/sources_1/new/AddressDecoder.v w ]
add_files C:/GitProjects/Lab02---Git---Krish-Kumar-Samia-Sarfaraz/CALab8/CALab8.srcs/sources_1/new/AddressDecoder.v
update_compile_order -fileset sources_1
close [ open C:/GitProjects/Lab02---Git---Krish-Kumar-Samia-Sarfaraz/CALab8/CALab8.srcs/sources_1/new/DataMemory.v w ]
add_files C:/GitProjects/Lab02---Git---Krish-Kumar-Samia-Sarfaraz/CALab8/CALab8.srcs/sources_1/new/DataMemory.v
close [ open C:/GitProjects/Lab02---Git---Krish-Kumar-Samia-Sarfaraz/CALab8/CALab8.srcs/sources_1/new/addressDecoderTop.v w ]
add_files C:/GitProjects/Lab02---Git---Krish-Kumar-Samia-Sarfaraz/CALab8/CALab8.srcs/sources_1/new/addressDecoderTop.v
update_compile_order -fileset sources_1
update_compile_order -fileset sources_1
update_compile_order -fileset sources_1
update_compile_order -fileset sources_1
file mkdir C:/GitProjects/Lab02---Git---Krish-Kumar-Samia-Sarfaraz/CALab8/CALab8.srcs/sim_1/new
set_property SOURCE_SET sources_1 [get_filesets sim_1]
close [ open C:/GitProjects/Lab02---Git---Krish-Kumar-Samia-Sarfaraz/CALab8/CALab8.srcs/sim_1/new/MemorySystem_tb.v w ]
add_files -fileset sim_1 C:/GitProjects/Lab02---Git---Krish-Kumar-Samia-Sarfaraz/CALab8/CALab8.srcs/sim_1/new/MemorySystem_tb.v
update_compile_order -fileset sim_1
set_property top MemorySystem_tb [get_filesets sim_1]
update_compile_order -fileset sim_1
launch_simulation
Command: launch_simulation 
INFO: [Vivado 12-5682] Launching behavioral simulation in 'C:/GitProjects/Lab02---Git---Krish-Kumar-Samia-Sarfaraz/CALab8/CALab8.sim/sim_1/behav/xsim'
INFO: [SIM-utils-51] Simulation object is 'sim_1'
INFO: [SIM-utils-54] Inspecting design source files for 'MemorySystem_tb' in fileset 'sim_1'...
INFO: [USF-XSim-97] Finding global include files...
INFO: [USF-XSim-98] Fetching design files from 'sim_1'...
INFO: [USF-XSim-2] XSim::Compile design
INFO: [USF-XSim-61] Executing 'COMPILE and ANALYZE' step in 'C:/GitProjects/Lab02---Git---Krish-Kumar-Samia-Sarfaraz/CALab8/CALab8.sim/sim_1/behav/xsim'
"xvlog --incr --relax -prj MemorySystem_tb_vlog.prj"
INFO: [VRFC 10-2263] Analyzing Verilog file "C:/GitProjects/Lab02---Git---Krish-Kumar-Samia-Sarfaraz/CALab8/CALab8.srcs/sources_1/new/AddressDecoder.v" into library xil_defaultlib
INFO: [VRFC 10-311] analyzing module AddressDecoder
INFO: [VRFC 10-2263] Analyzing Verilog file "C:/GitProjects/Lab02---Git---Krish-Kumar-Samia-Sarfaraz/CALab8/CALab8.srcs/sources_1/new/DataMemory.v" into library xil_defaultlib
INFO: [VRFC 10-311] analyzing module DataMemory
INFO: [VRFC 10-2263] Analyzing Verilog file "C:/GitProjects/Lab02---Git---Krish-Kumar-Samia-Sarfaraz/CALab8/CALab8.srcs/sources_1/new/addressDecoderTop.v" into library xil_defaultlib
INFO: [VRFC 10-311] analyzing module addressDecoderTop
INFO: [VRFC 10-2263] Analyzing Verilog file "C:/GitProjects/Lab02---Git---Krish-Kumar-Samia-Sarfaraz/CALab8/CALab8.srcs/sources_1/new/leds.v" into library xil_defaultlib
INFO: [VRFC 10-311] analyzing module leds
INFO: [VRFC 10-2263] Analyzing Verilog file "C:/GitProjects/Lab02---Git---Krish-Kumar-Samia-Sarfaraz/CALab8/CALab8.srcs/sources_1/new/switches.v" into library xil_defaultlib
INFO: [VRFC 10-311] analyzing module switches
INFO: [VRFC 10-2263] Analyzing Verilog file "C:/GitProjects/Lab02---Git---Krish-Kumar-Samia-Sarfaraz/CALab8/CALab8.srcs/sim_1/new/MemorySystem_tb.v" into library xil_defaultlib
INFO: [VRFC 10-311] analyzing module MemorySystem_tb
INFO: [VRFC 10-2263] Analyzing Verilog file "C:/GitProjects/Lab02---Git---Krish-Kumar-Samia-Sarfaraz/CALab8/CALab8.sim/sim_1/behav/xsim/glbl.v" into library xil_defaultlib
INFO: [VRFC 10-311] analyzing module glbl
INFO: [USF-XSim-69] 'compile' step finished in '4' seconds
INFO: [USF-XSim-3] XSim::Elaborate design
INFO: [USF-XSim-61] Executing 'ELABORATE' step in 'C:/GitProjects/Lab02---Git---Krish-Kumar-Samia-Sarfaraz/CALab8/CALab8.sim/sim_1/behav/xsim'
"xelab -wto 96c9537e76af46b7bfda3ccd983afbb6 --incr --debug typical --relax --mt 2 -L xil_defaultlib -L unisims_ver -L unimacro_ver -L secureip --snapshot MemorySystem_tb_behav xil_defaultlib.MemorySystem_tb xil_defaultlib.glbl -log elaborate.log"
Vivado Simulator 2020.1
Copyright 1986-1999, 2001-2020 Xilinx, Inc. All Rights Reserved.
Running: C:/Xilinx/Vivado/2020.1/bin/unwrapped/win64.o/xelab.exe -wto 96c9537e76af46b7bfda3ccd983afbb6 --incr --debug typical --relax --mt 2 -L xil_defaultlib -L unisims_ver -L unimacro_ver -L secureip --snapshot MemorySystem_tb_behav xil_defaultlib.MemorySystem_tb xil_defaultlib.glbl -log elaborate.log 
Using 2 slave threads.
Starting static elaboration
Pass Through NonSizing Optimizer
Completed static elaboration
Starting simulation data flow analysis
Completed simulation data flow analysis
Time Resolution for simulation is 1ps
Compiling module xil_defaultlib.AddressDecoder
Compiling module xil_defaultlib.DataMemory
Compiling module xil_defaultlib.leds
Compiling module xil_defaultlib.switches
Compiling module xil_defaultlib.addressDecoderTop
Compiling module xil_defaultlib.MemorySystem_tb
Compiling module xil_defaultlib.glbl
Built simulation snapshot MemorySystem_tb_behav

****** Webtalk v2020.1 (64-bit)
  **** SW Build 2902540 on Wed May 27 19:54:49 MDT 2020
  **** IP Build 2902112 on Wed May 27 22:43:36 MDT 2020
    ** Copyright 1986-2020 Xilinx, Inc. All Rights Reserved.

source C:/GitProjects/Lab02---Git---Krish-Kumar-Samia-Sarfaraz/CALab8/CALab8.sim/sim_1/behav/xsim/xsim.dir/MemorySystem_tb_behav/webtalk/xsim_webtalk.tcl -notrace
INFO: [Common 17-206] Exiting Webtalk at Thu Mar 12 10:44:03 2026...
run_program: Time (s): cpu = 00:00:00 ; elapsed = 00:00:11 . Memory (MB): peak = 1025.492 ; gain = 0.000
INFO: [USF-XSim-69] 'elaborate' step finished in '10' seconds
INFO: [USF-XSim-4] XSim::Simulate design
INFO: [USF-XSim-61] Executing 'SIMULATE' step in 'C:/GitProjects/Lab02---Git---Krish-Kumar-Samia-Sarfaraz/CALab8/CALab8.sim/sim_1/behav/xsim'
INFO: [USF-XSim-98] *** Running xsim
   with args "MemorySystem_tb_behav -key {Behavioral:sim_1:Functional:MemorySystem_tb} -tclbatch {MemorySystem_tb.tcl} -log {simulate.log}"
INFO: [USF-XSim-8] Loading simulator feature
Vivado Simulator 2020.1
Time resolution is 1 ps
source MemorySystem_tb.tcl
# set curr_wave [current_wave_config]
# if { [string length $curr_wave] == 0 } {
#   if { [llength [get_objects]] > 0} {
#     add_wave /
#     set_property needs_save false [current_wave_config]
#   } else {
#      send_msg_id Add_Wave-1 WARNING "No top level signals found. Simulator will start without a wave window. If you want to open a wave window go to 'File->New Waveform Configuration' or type 'create_wave_config' in the TCL console."
#   }
# }
# run 1000ns
=== Test 1: Data Memory Write ===
Wrote 0xDEADBEEF to DataMem address 0x004
=== Test 2: Data Memory Read ===
PASS: readData = 0xdeadbeef
=== Test 3: LED Write ===
PASS: leds = 0xa5a5
=== Test 4: Switch Read ===
PASS: readData = 0x00ff1234
=== Test 5: Unused Address Region ===
PASS: readData = 0x00000000 (unused region returns 0)
=== Test 6: Reset ===
FAIL: leds = 0xa5a5 after reset (expected 0x0000)
=== Test 7: Multiple DataMem Writes/Reads ===
PASS: addr 0x010 readData = 0xcafebabe
PASS: addr 0x020 readData = 0x12345678
=== Testbench Complete ===
$finish called at time : 156 ns : File "C:/GitProjects/Lab02---Git---Krish-Kumar-Samia-Sarfaraz/CALab8/CALab8.srcs/sim_1/new/MemorySystem_tb.v" Line 172
xsim: Time (s): cpu = 00:00:09 ; elapsed = 00:00:09 . Memory (MB): peak = 1025.492 ; gain = 0.000
INFO: [USF-XSim-96] XSim completed. Design snapshot 'MemorySystem_tb_behav' loaded.
INFO: [USF-XSim-97] XSim simulation ran for 1000ns
launch_simulation: Time (s): cpu = 00:00:10 ; elapsed = 00:00:26 . Memory (MB): peak = 1025.492 ; gain = 0.000
close_sim
INFO: [Simtcl 6-16] Simulation closed
close_sim: Time (s): cpu = 00:00:04 ; elapsed = 00:00:16 . Memory (MB): peak = 1025.492 ; gain = 0.000
close [ open C:/GitProjects/Lab02---Git---Krish-Kumar-Samia-Sarfaraz/CALab8/CALab8.srcs/sources_1/new/fsm_decoder.v w ]
add_files C:/GitProjects/Lab02---Git---Krish-Kumar-Samia-Sarfaraz/CALab8/CALab8.srcs/sources_1/new/fsm_decoder.v
update_compile_order -fileset sources_1
launch_runs synth_1 -jobs 8
[Thu Mar 12 11:06:02 2026] Launched synth_1...
Run output will be captured here: C:/GitProjects/Lab02---Git---Krish-Kumar-Samia-Sarfaraz/CALab8/CALab8.runs/synth_1/runme.log
launch_runs impl_1 -jobs 8
[Thu Mar 12 11:07:11 2026] Launched impl_1...
Run output will be captured here: C:/GitProjects/Lab02---Git---Krish-Kumar-Samia-Sarfaraz/CALab8/CALab8.runs/impl_1/runme.log
launch_runs impl_1 -to_step write_bitstream -jobs 8
[Thu Mar 12 11:08:29 2026] Launched impl_1...
Run output will be captured here: C:/GitProjects/Lab02---Git---Krish-Kumar-Samia-Sarfaraz/CALab8/CALab8.runs/impl_1/runme.log
file mkdir C:/GitProjects/Lab02---Git---Krish-Kumar-Samia-Sarfaraz/CALab8/CALab8.srcs/constrs_1
file mkdir C:/GitProjects/Lab02---Git---Krish-Kumar-Samia-Sarfaraz/CALab8/CALab8.srcs/constrs_1/new
close [ open C:/GitProjects/Lab02---Git---Krish-Kumar-Samia-Sarfaraz/CALab8/CALab8.srcs/constrs_1/new/decoder.xdc w ]
add_files -fileset constrs_1 C:/GitProjects/Lab02---Git---Krish-Kumar-Samia-Sarfaraz/CALab8/CALab8.srcs/constrs_1/new/decoder.xdc
reset_run synth_1
launch_runs synth_1 -jobs 8
[Thu Mar 12 11:12:32 2026] Launched synth_1...
Run output will be captured here: C:/GitProjects/Lab02---Git---Krish-Kumar-Samia-Sarfaraz/CALab8/CALab8.runs/synth_1/runme.log
launch_runs impl_1 -jobs 8
[Thu Mar 12 11:13:41 2026] Launched impl_1...
Run output will be captured here: C:/GitProjects/Lab02---Git---Krish-Kumar-Samia-Sarfaraz/CALab8/CALab8.runs/impl_1/runme.log
launch_runs impl_1 -to_step write_bitstream -jobs 8
[Thu Mar 12 11:14:58 2026] Launched impl_1...
Run output will be captured here: C:/GitProjects/Lab02---Git---Krish-Kumar-Samia-Sarfaraz/CALab8/CALab8.runs/impl_1/runme.log
open_hw_manager
connect_hw_server -allow_non_jtag
INFO: [Labtools 27-2285] Connecting to hw_server url TCP:localhost:3121
INFO: [Labtools 27-2222] Launching hw_server...
INFO: [Labtools 27-2221] Launch Output:

****** Xilinx hw_server v2020.1
  **** Build date : May 27 2020 at 20:24:38
    ** Copyright 1986-2020 Xilinx, Inc. All Rights Reserved.


INFO: [Labtools 27-3415] Connecting to cs_server url TCP:localhost:3042
INFO: [Labtools 27-3417] Launching cs_server...
INFO: [Labtools 27-2221] Launch Output:


****** Xilinx cs_server v2020.1.0
  **** Build date : May 14 2020-06:10:29
    ** Copyright 2017-2020 Xilinx, Inc. All Rights Reserved.



connect_hw_server: Time (s): cpu = 00:00:01 ; elapsed = 00:00:08 . Memory (MB): peak = 1089.863 ; gain = 4.996
open_hw_target
INFO: [Labtoolstcl 44-466] Opening hw_target localhost:3121/xilinx_tcf/Digilent/210183AF3031A
set_property PROGRAM.FILE {C:/GitProjects/Lab02---Git---Krish-Kumar-Samia-Sarfaraz/CALab8/CALab8.runs/impl_1/addressDecoderTop.bit} [get_hw_devices xc7a35t_0]
current_hw_device [get_hw_devices xc7a35t_0]
refresh_hw_device -update_hw_probes false [lindex [get_hw_devices xc7a35t_0] 0]
INFO: [Labtools 27-1434] Device xc7a35t (JTAG device index = 0) is programmed with a design that has no supported debug core(s) in it.
set_property PROBES.FILE {} [get_hw_devices xc7a35t_0]
set_property FULL_PROBES.FILE {} [get_hw_devices xc7a35t_0]
set_property PROGRAM.FILE {C:/GitProjects/Lab02---Git---Krish-Kumar-Samia-Sarfaraz/CALab8/CALab8.runs/impl_1/addressDecoderTop.bit} [get_hw_devices xc7a35t_0]
program_hw_devices [get_hw_devices xc7a35t_0]
INFO: [Labtools 27-3164] End of startup status: HIGH
refresh_hw_device [lindex [get_hw_devices xc7a35t_0] 0]
INFO: [Labtools 27-1434] Device xc7a35t (JTAG device index = 0) is programmed with a design that has no supported debug core(s) in it.
