#-----------------------------------------------------------
# Vivado v2020.1 (64-bit)
# SW Build 2902540 on Wed May 27 19:54:49 MDT 2020
# IP Build 2902112 on Wed May 27 22:43:36 MDT 2020
# Start of session at: Thu Feb 19 11:16:47 2026
# Process ID: 37964
# Current directory: C:/Users/krish/OneDrive/Documents/GitProjects/Lab02---Git---Krish-Kumar-Samia-Sarfaraz/CAlab5
# Command line: vivado.exe -gui_launcher_event rodinguilauncherevent10044 C:\Users\krish\OneDrive\Documents\GitProjects\Lab02---Git---Krish-Kumar-Samia-Sarfaraz\CAlab5\CAlab5.xpr
# Log file: C:/Users/krish/OneDrive/Documents/GitProjects/Lab02---Git---Krish-Kumar-Samia-Sarfaraz/CAlab5/vivado.log
# Journal file: C:/Users/krish/OneDrive/Documents/GitProjects/Lab02---Git---Krish-Kumar-Samia-Sarfaraz/CAlab5\vivado.jou
#-----------------------------------------------------------
start_gui
open_project C:/Users/krish/OneDrive/Documents/GitProjects/Lab02---Git---Krish-Kumar-Samia-Sarfaraz/CAlab5/CAlab5.xpr
INFO: [ProjectBase 1-489] The host OS only allows 260 characters in a normal path. The project is stored in a path with more than 80 characters. If you experience issues with IP, Block Designs, or files not being found, please consider moving the project to a location with a shorter path. Alternately consider using the OS subst command to map part of the path to a drive letter.
Current project path is 'C:/Users/krish/OneDrive/Documents/GitProjects/Lab02---Git---Krish-Kumar-Samia-Sarfaraz/CAlab5'
INFO: [Project 1-313] Project file moved from 'C:/Users/krish/Downloads/CAlab5' since last save.
Scanning sources...
Finished scanning sources
INFO: [IP_Flow 19-234] Refreshing IP repositories
INFO: [IP_Flow 19-1704] No user IP repositories specified
INFO: [IP_Flow 19-2313] Loaded Vivado IP repository 'C:/Xilinx/Vivado/2020.1/data/ip'.
open_project: Time (s): cpu = 00:00:12 ; elapsed = 00:00:06 . Memory (MB): peak = 1025.152 ; gain = 0.000
update_compile_order -fileset sources_1
file mkdir C:/Users/krish/OneDrive/Documents/GitProjects/Lab02---Git---Krish-Kumar-Samia-Sarfaraz/CAlab5/CAlab5.srcs/sim_1/new
set_property SOURCE_SET sources_1 [get_filesets sim_1]
close [ open C:/Users/krish/OneDrive/Documents/GitProjects/Lab02---Git---Krish-Kumar-Samia-Sarfaraz/CAlab5/CAlab5.srcs/sim_1/new/task2TB.v w ]
add_files -fileset sim_1 C:/Users/krish/OneDrive/Documents/GitProjects/Lab02---Git---Krish-Kumar-Samia-Sarfaraz/CAlab5/CAlab5.srcs/sim_1/new/task2TB.v
update_compile_order -fileset sim_1
launch_simulation
ERROR: [Common 17-1293] The path 'C:/Users/krish/OneDrive/Documents/GitProjects/Lab02---Git---Krish-Kumar-Samia-Sarfaraz/CAlab5/CAlab5.cache/wt' already exists, is a directory, but is not writable.
launch_simulation
ERROR: [Common 17-1293] The path 'C:/Users/krish/OneDrive/Documents/GitProjects/Lab02---Git---Krish-Kumar-Samia-Sarfaraz/CAlab5/CAlab5.cache/wt' already exists, is a directory, but is not writable.
launch_simulation
ERROR: [Common 17-1293] The path 'C:/Users/krish/OneDrive/Documents/GitProjects/Lab02---Git---Krish-Kumar-Samia-Sarfaraz/CAlab5/CAlab5.cache/wt' already exists, is a directory, but is not writable.
launch_simulation
ERROR: [Common 17-1293] The path 'C:/Users/krish/OneDrive/Documents/GitProjects/Lab02---Git---Krish-Kumar-Samia-Sarfaraz/CAlab5/CAlab5.cache/wt' already exists, is a directory, but is not writable.
launch_simulation
ERROR: [Common 17-1293] The path 'C:/Users/krish/OneDrive/Documents/GitProjects/Lab02---Git---Krish-Kumar-Samia-Sarfaraz/CAlab5/CAlab5.cache/wt' already exists, is a directory, but is not writable.
launch_simulation
ERROR: [Common 17-1293] The path 'C:/Users/krish/OneDrive/Documents/GitProjects/Lab02---Git---Krish-Kumar-Samia-Sarfaraz/CAlab5/CAlab5.cache/wt' already exists, is a directory, but is not writable.
exit
INFO: [Common 17-206] Exiting Vivado at Thu Feb 19 11:28:28 2026...
