Copyright 1986-2020 Xilinx, Inc. All Rights Reserved.
--------------------------------------------------------------------------------------------------------------------------------------------------------------------------------------------------------------------------
| Tool Version : Vivado v.2020.1 (win64) Build 2902540 Wed May 27 19:54:49 MDT 2020
| Date         : Thu Mar 12 11:14:48 2026
| Host         : navlanispc running 64-bit major release  (build 9200)
| Command      : report_timing_summary -max_paths 10 -file addressDecoderTop_timing_summary_routed.rpt -pb addressDecoderTop_timing_summary_routed.pb -rpx addressDecoderTop_timing_summary_routed.rpx -warn_on_violation
| Design       : addressDecoderTop
| Device       : 7a35t-cpg236
| Speed File   : -1  PRODUCTION 1.23 2018-06-13
--------------------------------------------------------------------------------------------------------------------------------------------------------------------------------------------------------------------------

Timing Summary Report

------------------------------------------------------------------------------------------------
| Timer Settings
| --------------
------------------------------------------------------------------------------------------------

  Enable Multi Corner Analysis               :  Yes
  Enable Pessimism Removal                   :  Yes
  Pessimism Removal Resolution               :  Nearest Common Node
  Enable Input Delay Default Clock           :  No
  Enable Preset / Clear Arcs                 :  No
  Disable Flight Delays                      :  No
  Ignore I/O Paths                           :  No
  Timing Early Launch at Borrowing Latches   :  No
  Borrow Time for Max Delay Exceptions       :  Yes
  Merge Timing Exceptions                    :  Yes

  Corner  Analyze    Analyze    
  Name    Max Paths  Min Paths  
  ------  ---------  ---------  
  Slow    Yes        Yes        
  Fast    Yes        Yes        



check_timing report

Table of Contents
-----------------
1. checking no_clock (0)
2. checking constant_clock (0)
3. checking pulse_width_clock (0)
4. checking unconstrained_internal_endpoints (0)
5. checking no_input_delay (17)
6. checking no_output_delay (16)
7. checking multiple_clock (0)
8. checking generated_clocks (0)
9. checking loops (0)
10. checking partial_input_delay (0)
11. checking partial_output_delay (0)
12. checking latch_loops (0)

1. checking no_clock (0)
------------------------
 There are 0 register/latch pins with no clock.


2. checking constant_clock (0)
------------------------------
 There are 0 register/latch pins with constant_clock.


3. checking pulse_width_clock (0)
---------------------------------
 There are 0 register/latch pins which need pulse_width check


4. checking unconstrained_internal_endpoints (0)
------------------------------------------------
 There are 0 pins that are not constrained for maximum delay.

 There are 0 pins that are not constrained for maximum delay due to constant clock.


5. checking no_input_delay (17)
-------------------------------
 There are 17 input ports with no input delay specified. (HIGH)

 There are 0 input ports with no input delay but user has a false path constraint.


6. checking no_output_delay (16)
--------------------------------
 There are 16 ports with no output delay specified. (HIGH)

 There are 0 ports with no output delay but user has a false path constraint

 There are 0 ports with no output delay but with a timing clock defined on it or propagating through it


7. checking multiple_clock (0)
------------------------------
 There are 0 register/latch pins with multiple clocks.


8. checking generated_clocks (0)
--------------------------------
 There are 0 generated clocks that are not connected to a clock source.


9. checking loops (0)
---------------------
 There are 0 combinational loops in the design.


10. checking partial_input_delay (0)
------------------------------------
 There are 0 input ports with partial input delay specified.


11. checking partial_output_delay (0)
-------------------------------------
 There are 0 ports with partial output delay specified.


12. checking latch_loops (0)
----------------------------
 There are 0 combinational latch loops in the design through latch input



------------------------------------------------------------------------------------------------
| Design Timing Summary
| ---------------------
------------------------------------------------------------------------------------------------

    WNS(ns)      TNS(ns)  TNS Failing Endpoints  TNS Total Endpoints      WHS(ns)      THS(ns)  THS Failing Endpoints  THS Total Endpoints     WPWS(ns)     TPWS(ns)  TPWS Failing Endpoints  TPWS Total Endpoints  
    -------      -------  ---------------------  -------------------      -------      -------  ---------------------  -------------------     --------     --------  ----------------------  --------------------  
      7.980        0.000                      0                   68        0.140        0.000                      0                   68        4.500        0.000                       0                    54  


All user specified timing constraints are met.


------------------------------------------------------------------------------------------------
| Clock Summary
| -------------
------------------------------------------------------------------------------------------------

Clock        Waveform(ns)       Period(ns)      Frequency(MHz)
-----        ------------       ----------      --------------
sys_clk_pin  {0.000 5.000}      10.000          100.000         


------------------------------------------------------------------------------------------------
| Intra Clock Table
| -----------------
------------------------------------------------------------------------------------------------

Clock             WNS(ns)      TNS(ns)  TNS Failing Endpoints  TNS Total Endpoints      WHS(ns)      THS(ns)  THS Failing Endpoints  THS Total Endpoints     WPWS(ns)     TPWS(ns)  TPWS Failing Endpoints  TPWS Total Endpoints  
-----             -------      -------  ---------------------  -------------------      -------      -------  ---------------------  -------------------     --------     --------  ----------------------  --------------------  
sys_clk_pin         7.980        0.000                      0                   68        0.140        0.000                      0                   68        4.500        0.000                       0                    54  


------------------------------------------------------------------------------------------------
| Inter Clock Table
| -----------------
------------------------------------------------------------------------------------------------

From Clock    To Clock          WNS(ns)      TNS(ns)  TNS Failing Endpoints  TNS Total Endpoints      WHS(ns)      THS(ns)  THS Failing Endpoints  THS Total Endpoints  
----------    --------          -------      -------  ---------------------  -------------------      -------      -------  ---------------------  -------------------  


------------------------------------------------------------------------------------------------
| Other Path Groups Table
| -----------------------
------------------------------------------------------------------------------------------------

Path Group    From Clock    To Clock          WNS(ns)      TNS(ns)  TNS Failing Endpoints  TNS Total Endpoints      WHS(ns)      THS(ns)  THS Failing Endpoints  THS Total Endpoints  
----------    ----------    --------          -------      -------  ---------------------  -------------------      -------      -------  ---------------------  -------------------  


------------------------------------------------------------------------------------------------
| Timing Details
| --------------
------------------------------------------------------------------------------------------------


---------------------------------------------------------------------------------------------------
From Clock:  sys_clk_pin
  To Clock:  sys_clk_pin

Setup :            0  Failing Endpoints,  Worst Slack        7.980ns,  Total Violation        0.000ns
Hold  :            0  Failing Endpoints,  Worst Slack        0.140ns,  Total Violation        0.000ns
PW    :            0  Failing Endpoints,  Worst Slack        4.500ns,  Total Violation        0.000ns
---------------------------------------------------------------------------------------------------


Max Delay Paths
--------------------------------------------------------------------------------------
Slack (MET) :             7.980ns  (required time - arrival time)
  Source:                 FSM_onehot_state_reg[4]/C
                            (rising edge-triggered cell FDCE clocked by sys_clk_pin  {rise@0.000ns fall@5.000ns period=10.000ns})
  Destination:            u_switches/readData_reg[8]/D
                            (rising edge-triggered cell FDCE clocked by sys_clk_pin  {rise@0.000ns fall@5.000ns period=10.000ns})
  Path Group:             sys_clk_pin
  Path Type:              Setup (Max at Slow Process Corner)
  Requirement:            10.000ns  (sys_clk_pin rise@10.000ns - sys_clk_pin rise@0.000ns)
  Data Path Delay:        1.995ns  (logic 0.773ns (38.751%)  route 1.222ns (61.249%))
  Logic Levels:           1  (LUT3=1)
  Clock Path Skew:        -0.021ns (DCD - SCD + CPR)
    Destination Clock Delay (DCD):    4.788ns = ( 14.788 - 10.000 ) 
    Source Clock Delay      (SCD):    5.083ns
    Clock Pessimism Removal (CPR):    0.274ns
  Clock Uncertainty:      0.035ns  ((TSJ^2 + TIJ^2)^1/2 + DJ) / 2 + PE
    Total System Jitter     (TSJ):    0.071ns
    Total Input Jitter      (TIJ):    0.000ns
    Discrete Jitter          (DJ):    0.000ns
    Phase Error              (PE):    0.000ns

    Location             Delay type                Incr(ns)  Path(ns)    Netlist Resource(s)
  -------------------------------------------------------------------    -------------------
                         (clock sys_clk_pin rise edge)
                                                      0.000     0.000 r  
    W5                                                0.000     0.000 r  clk (IN)
                         net (fo=0)                   0.000     0.000    clk
    W5                   IBUF (Prop_ibuf_I_O)         1.458     1.458 r  clk_IBUF_inst/O
                         net (fo=1, routed)           1.967     3.425    clk_IBUF
    BUFGCTRL_X0Y0        BUFG (Prop_bufg_I_O)         0.096     3.521 r  clk_IBUF_BUFG_inst/O
                         net (fo=53, routed)          1.562     5.083    clk_IBUF_BUFG
    SLICE_X14Y34         FDCE                                         r  FSM_onehot_state_reg[4]/C
  -------------------------------------------------------------------    -------------------
    SLICE_X14Y34         FDCE (Prop_fdce_C_Q)         0.478     5.561 f  FSM_onehot_state_reg[4]/Q
                         net (fo=49, routed)          1.222     6.783    u_switches/Q[1]
    SLICE_X15Y38         LUT3 (Prop_lut3_I1_O)        0.295     7.078 r  u_switches/readData[8]_i_1/O
                         net (fo=1, routed)           0.000     7.078    u_switches/readData[8]_i_1_n_0
    SLICE_X15Y38         FDCE                                         r  u_switches/readData_reg[8]/D
  -------------------------------------------------------------------    -------------------

                         (clock sys_clk_pin rise edge)
                                                     10.000    10.000 r  
    W5                                                0.000    10.000 r  clk (IN)
                         net (fo=0)                   0.000    10.000    clk
    W5                   IBUF (Prop_ibuf_I_O)         1.388    11.388 r  clk_IBUF_inst/O
                         net (fo=1, routed)           1.862    13.250    clk_IBUF
    BUFGCTRL_X0Y0        BUFG (Prop_bufg_I_O)         0.091    13.341 r  clk_IBUF_BUFG_inst/O
                         net (fo=53, routed)          1.447    14.788    u_switches/CLK
    SLICE_X15Y38         FDCE                                         r  u_switches/readData_reg[8]/C
                         clock pessimism              0.274    15.062    
                         clock uncertainty           -0.035    15.027    
    SLICE_X15Y38         FDCE (Setup_fdce_C_D)        0.031    15.058    u_switches/readData_reg[8]
  -------------------------------------------------------------------
                         required time                         15.058    
                         arrival time                          -7.078    
  -------------------------------------------------------------------
                         slack                                  7.980    

Slack (MET) :             7.983ns  (required time - arrival time)
  Source:                 FSM_onehot_state_reg[4]/C
                            (rising edge-triggered cell FDCE clocked by sys_clk_pin  {rise@0.000ns fall@5.000ns period=10.000ns})
  Destination:            u_leds/leds_reg[14]/D
                            (rising edge-triggered cell FDCE clocked by sys_clk_pin  {rise@0.000ns fall@5.000ns period=10.000ns})
  Path Group:             sys_clk_pin
  Path Type:              Setup (Max at Slow Process Corner)
  Requirement:            10.000ns  (sys_clk_pin rise@10.000ns - sys_clk_pin rise@0.000ns)
  Data Path Delay:        1.990ns  (logic 0.773ns (38.849%)  route 1.217ns (61.151%))
  Logic Levels:           1  (LUT3=1)
  Clock Path Skew:        -0.021ns (DCD - SCD + CPR)
    Destination Clock Delay (DCD):    4.788ns = ( 14.788 - 10.000 ) 
    Source Clock Delay      (SCD):    5.083ns
    Clock Pessimism Removal (CPR):    0.274ns
  Clock Uncertainty:      0.035ns  ((TSJ^2 + TIJ^2)^1/2 + DJ) / 2 + PE
    Total System Jitter     (TSJ):    0.071ns
    Total Input Jitter      (TIJ):    0.000ns
    Discrete Jitter          (DJ):    0.000ns
    Phase Error              (PE):    0.000ns

    Location             Delay type                Incr(ns)  Path(ns)    Netlist Resource(s)
  -------------------------------------------------------------------    -------------------
                         (clock sys_clk_pin rise edge)
                                                      0.000     0.000 r  
    W5                                                0.000     0.000 r  clk (IN)
                         net (fo=0)                   0.000     0.000    clk
    W5                   IBUF (Prop_ibuf_I_O)         1.458     1.458 r  clk_IBUF_inst/O
                         net (fo=1, routed)           1.967     3.425    clk_IBUF
    BUFGCTRL_X0Y0        BUFG (Prop_bufg_I_O)         0.096     3.521 r  clk_IBUF_BUFG_inst/O
                         net (fo=53, routed)          1.562     5.083    clk_IBUF_BUFG
    SLICE_X14Y34         FDCE                                         r  FSM_onehot_state_reg[4]/C
  -------------------------------------------------------------------    -------------------
    SLICE_X14Y34         FDCE (Prop_fdce_C_Q)         0.478     5.561 r  FSM_onehot_state_reg[4]/Q
                         net (fo=49, routed)          1.217     6.778    u_leds/leds_reg[0]_0[1]
    SLICE_X15Y38         LUT3 (Prop_lut3_I1_O)        0.295     7.073 r  u_leds/leds[14]_i_1/O
                         net (fo=1, routed)           0.000     7.073    u_leds/WriteData[14]
    SLICE_X15Y38         FDCE                                         r  u_leds/leds_reg[14]/D
  -------------------------------------------------------------------    -------------------

                         (clock sys_clk_pin rise edge)
                                                     10.000    10.000 r  
    W5                                                0.000    10.000 r  clk (IN)
                         net (fo=0)                   0.000    10.000    clk
    W5                   IBUF (Prop_ibuf_I_O)         1.388    11.388 r  clk_IBUF_inst/O
                         net (fo=1, routed)           1.862    13.250    clk_IBUF
    BUFGCTRL_X0Y0        BUFG (Prop_bufg_I_O)         0.091    13.341 r  clk_IBUF_BUFG_inst/O
                         net (fo=53, routed)          1.447    14.788    u_leds/CLK
    SLICE_X15Y38         FDCE                                         r  u_leds/leds_reg[14]/C
                         clock pessimism              0.274    15.062    
                         clock uncertainty           -0.035    15.027    
    SLICE_X15Y38         FDCE (Setup_fdce_C_D)        0.029    15.056    u_leds/leds_reg[14]
  -------------------------------------------------------------------
                         required time                         15.056    
                         arrival time                          -7.073    
  -------------------------------------------------------------------
                         slack                                  7.983    

Slack (MET) :             7.996ns  (required time - arrival time)
  Source:                 FSM_onehot_state_reg[4]/C
                            (rising edge-triggered cell FDCE clocked by sys_clk_pin  {rise@0.000ns fall@5.000ns period=10.000ns})
  Destination:            u_switches/readData_reg[9]/D
                            (rising edge-triggered cell FDCE clocked by sys_clk_pin  {rise@0.000ns fall@5.000ns period=10.000ns})
  Path Group:             sys_clk_pin
  Path Type:              Setup (Max at Slow Process Corner)
  Requirement:            10.000ns  (sys_clk_pin rise@10.000ns - sys_clk_pin rise@0.000ns)
  Data Path Delay:        2.023ns  (logic 0.801ns (39.599%)  route 1.222ns (60.401%))
  Logic Levels:           1  (LUT3=1)
  Clock Path Skew:        -0.021ns (DCD - SCD + CPR)
    Destination Clock Delay (DCD):    4.788ns = ( 14.788 - 10.000 ) 
    Source Clock Delay      (SCD):    5.083ns
    Clock Pessimism Removal (CPR):    0.274ns
  Clock Uncertainty:      0.035ns  ((TSJ^2 + TIJ^2)^1/2 + DJ) / 2 + PE
    Total System Jitter     (TSJ):    0.071ns
    Total Input Jitter      (TIJ):    0.000ns
    Discrete Jitter          (DJ):    0.000ns
    Phase Error              (PE):    0.000ns

    Location             Delay type                Incr(ns)  Path(ns)    Netlist Resource(s)
  -------------------------------------------------------------------    -------------------
                         (clock sys_clk_pin rise edge)
                                                      0.000     0.000 r  
    W5                                                0.000     0.000 r  clk (IN)
                         net (fo=0)                   0.000     0.000    clk
    W5                   IBUF (Prop_ibuf_I_O)         1.458     1.458 r  clk_IBUF_inst/O
                         net (fo=1, routed)           1.967     3.425    clk_IBUF
    BUFGCTRL_X0Y0        BUFG (Prop_bufg_I_O)         0.096     3.521 r  clk_IBUF_BUFG_inst/O
                         net (fo=53, routed)          1.562     5.083    clk_IBUF_BUFG
    SLICE_X14Y34         FDCE                                         r  FSM_onehot_state_reg[4]/C
  -------------------------------------------------------------------    -------------------
    SLICE_X14Y34         FDCE (Prop_fdce_C_Q)         0.478     5.561 f  FSM_onehot_state_reg[4]/Q
                         net (fo=49, routed)          1.222     6.783    u_switches/Q[1]
    SLICE_X15Y38         LUT3 (Prop_lut3_I1_O)        0.323     7.106 r  u_switches/readData[9]_i_1/O
                         net (fo=1, routed)           0.000     7.106    u_switches/readData[9]_i_1_n_0
    SLICE_X15Y38         FDCE                                         r  u_switches/readData_reg[9]/D
  -------------------------------------------------------------------    -------------------

                         (clock sys_clk_pin rise edge)
                                                     10.000    10.000 r  
    W5                                                0.000    10.000 r  clk (IN)
                         net (fo=0)                   0.000    10.000    clk
    W5                   IBUF (Prop_ibuf_I_O)         1.388    11.388 r  clk_IBUF_inst/O
                         net (fo=1, routed)           1.862    13.250    clk_IBUF
    BUFGCTRL_X0Y0        BUFG (Prop_bufg_I_O)         0.091    13.341 r  clk_IBUF_BUFG_inst/O
                         net (fo=53, routed)          1.447    14.788    u_switches/CLK
    SLICE_X15Y38         FDCE                                         r  u_switches/readData_reg[9]/C
                         clock pessimism              0.274    15.062    
                         clock uncertainty           -0.035    15.027    
    SLICE_X15Y38         FDCE (Setup_fdce_C_D)        0.075    15.102    u_switches/readData_reg[9]
  -------------------------------------------------------------------
                         required time                         15.102    
                         arrival time                          -7.106    
  -------------------------------------------------------------------
                         slack                                  7.996    

Slack (MET) :             8.003ns  (required time - arrival time)
  Source:                 FSM_onehot_state_reg[4]/C
                            (rising edge-triggered cell FDCE clocked by sys_clk_pin  {rise@0.000ns fall@5.000ns period=10.000ns})
  Destination:            u_leds/leds_reg[15]/D
                            (rising edge-triggered cell FDCE clocked by sys_clk_pin  {rise@0.000ns fall@5.000ns period=10.000ns})
  Path Group:             sys_clk_pin
  Path Type:              Setup (Max at Slow Process Corner)
  Requirement:            10.000ns  (sys_clk_pin rise@10.000ns - sys_clk_pin rise@0.000ns)
  Data Path Delay:        2.016ns  (logic 0.799ns (39.638%)  route 1.217ns (60.362%))
  Logic Levels:           1  (LUT3=1)
  Clock Path Skew:        -0.021ns (DCD - SCD + CPR)
    Destination Clock Delay (DCD):    4.788ns = ( 14.788 - 10.000 ) 
    Source Clock Delay      (SCD):    5.083ns
    Clock Pessimism Removal (CPR):    0.274ns
  Clock Uncertainty:      0.035ns  ((TSJ^2 + TIJ^2)^1/2 + DJ) / 2 + PE
    Total System Jitter     (TSJ):    0.071ns
    Total Input Jitter      (TIJ):    0.000ns
    Discrete Jitter          (DJ):    0.000ns
    Phase Error              (PE):    0.000ns

    Location             Delay type                Incr(ns)  Path(ns)    Netlist Resource(s)
  -------------------------------------------------------------------    -------------------
                         (clock sys_clk_pin rise edge)
                                                      0.000     0.000 r  
    W5                                                0.000     0.000 r  clk (IN)
                         net (fo=0)                   0.000     0.000    clk
    W5                   IBUF (Prop_ibuf_I_O)         1.458     1.458 r  clk_IBUF_inst/O
                         net (fo=1, routed)           1.967     3.425    clk_IBUF
    BUFGCTRL_X0Y0        BUFG (Prop_bufg_I_O)         0.096     3.521 r  clk_IBUF_BUFG_inst/O
                         net (fo=53, routed)          1.562     5.083    clk_IBUF_BUFG
    SLICE_X14Y34         FDCE                                         r  FSM_onehot_state_reg[4]/C
  -------------------------------------------------------------------    -------------------
    SLICE_X14Y34         FDCE (Prop_fdce_C_Q)         0.478     5.561 r  FSM_onehot_state_reg[4]/Q
                         net (fo=49, routed)          1.217     6.778    u_leds/leds_reg[0]_0[1]
    SLICE_X15Y38         LUT3 (Prop_lut3_I1_O)        0.321     7.099 r  u_leds/leds[15]_i_1/O
                         net (fo=1, routed)           0.000     7.099    u_leds/WriteData[15]
    SLICE_X15Y38         FDCE                                         r  u_leds/leds_reg[15]/D
  -------------------------------------------------------------------    -------------------

                         (clock sys_clk_pin rise edge)
                                                     10.000    10.000 r  
    W5                                                0.000    10.000 r  clk (IN)
                         net (fo=0)                   0.000    10.000    clk
    W5                   IBUF (Prop_ibuf_I_O)         1.388    11.388 r  clk_IBUF_inst/O
                         net (fo=1, routed)           1.862    13.250    clk_IBUF
    BUFGCTRL_X0Y0        BUFG (Prop_bufg_I_O)         0.091    13.341 r  clk_IBUF_BUFG_inst/O
                         net (fo=53, routed)          1.447    14.788    u_leds/CLK
    SLICE_X15Y38         FDCE                                         r  u_leds/leds_reg[15]/C
                         clock pessimism              0.274    15.062    
                         clock uncertainty           -0.035    15.027    
    SLICE_X15Y38         FDCE (Setup_fdce_C_D)        0.075    15.102    u_leds/leds_reg[15]
  -------------------------------------------------------------------
                         required time                         15.102    
                         arrival time                          -7.099    
  -------------------------------------------------------------------
                         slack                                  8.003    

Slack (MET) :             8.005ns  (required time - arrival time)
  Source:                 FSM_onehot_state_reg[4]/C
                            (rising edge-triggered cell FDCE clocked by sys_clk_pin  {rise@0.000ns fall@5.000ns period=10.000ns})
  Destination:            u_leds/leds_reg[8]/D
                            (rising edge-triggered cell FDCE clocked by sys_clk_pin  {rise@0.000ns fall@5.000ns period=10.000ns})
  Path Group:             sys_clk_pin
  Path Type:              Setup (Max at Slow Process Corner)
  Requirement:            10.000ns  (sys_clk_pin rise@10.000ns - sys_clk_pin rise@0.000ns)
  Data Path Delay:        1.968ns  (logic 0.773ns (39.282%)  route 1.195ns (60.718%))
  Logic Levels:           1  (LUT3=1)
  Clock Path Skew:        -0.021ns (DCD - SCD + CPR)
    Destination Clock Delay (DCD):    4.788ns = ( 14.788 - 10.000 ) 
    Source Clock Delay      (SCD):    5.083ns
    Clock Pessimism Removal (CPR):    0.274ns
  Clock Uncertainty:      0.035ns  ((TSJ^2 + TIJ^2)^1/2 + DJ) / 2 + PE
    Total System Jitter     (TSJ):    0.071ns
    Total Input Jitter      (TIJ):    0.000ns
    Discrete Jitter          (DJ):    0.000ns
    Phase Error              (PE):    0.000ns

    Location             Delay type                Incr(ns)  Path(ns)    Netlist Resource(s)
  -------------------------------------------------------------------    -------------------
                         (clock sys_clk_pin rise edge)
                                                      0.000     0.000 r  
    W5                                                0.000     0.000 r  clk (IN)
                         net (fo=0)                   0.000     0.000    clk
    W5                   IBUF (Prop_ibuf_I_O)         1.458     1.458 r  clk_IBUF_inst/O
                         net (fo=1, routed)           1.967     3.425    clk_IBUF
    BUFGCTRL_X0Y0        BUFG (Prop_bufg_I_O)         0.096     3.521 r  clk_IBUF_BUFG_inst/O
                         net (fo=53, routed)          1.562     5.083    clk_IBUF_BUFG
    SLICE_X14Y34         FDCE                                         r  FSM_onehot_state_reg[4]/C
  -------------------------------------------------------------------    -------------------
    SLICE_X14Y34         FDCE (Prop_fdce_C_Q)         0.478     5.561 r  FSM_onehot_state_reg[4]/Q
                         net (fo=49, routed)          1.195     6.756    u_leds/leds_reg[0]_0[1]
    SLICE_X13Y38         LUT3 (Prop_lut3_I1_O)        0.295     7.051 r  u_leds/leds[8]_i_1/O
                         net (fo=1, routed)           0.000     7.051    u_leds/WriteData[8]
    SLICE_X13Y38         FDCE                                         r  u_leds/leds_reg[8]/D
  -------------------------------------------------------------------    -------------------

                         (clock sys_clk_pin rise edge)
                                                     10.000    10.000 r  
    W5                                                0.000    10.000 r  clk (IN)
                         net (fo=0)                   0.000    10.000    clk
    W5                   IBUF (Prop_ibuf_I_O)         1.388    11.388 r  clk_IBUF_inst/O
                         net (fo=1, routed)           1.862    13.250    clk_IBUF
    BUFGCTRL_X0Y0        BUFG (Prop_bufg_I_O)         0.091    13.341 r  clk_IBUF_BUFG_inst/O
                         net (fo=53, routed)          1.447    14.788    u_leds/CLK
    SLICE_X13Y38         FDCE                                         r  u_leds/leds_reg[8]/C
                         clock pessimism              0.274    15.062    
                         clock uncertainty           -0.035    15.027    
    SLICE_X13Y38         FDCE (Setup_fdce_C_D)        0.029    15.056    u_leds/leds_reg[8]
  -------------------------------------------------------------------
                         required time                         15.056    
                         arrival time                          -7.051    
  -------------------------------------------------------------------
                         slack                                  8.005    

Slack (MET) :             8.025ns  (required time - arrival time)
  Source:                 FSM_onehot_state_reg[4]/C
                            (rising edge-triggered cell FDCE clocked by sys_clk_pin  {rise@0.000ns fall@5.000ns period=10.000ns})
  Destination:            u_leds/leds_reg[9]/D
                            (rising edge-triggered cell FDCE clocked by sys_clk_pin  {rise@0.000ns fall@5.000ns period=10.000ns})
  Path Group:             sys_clk_pin
  Path Type:              Setup (Max at Slow Process Corner)
  Requirement:            10.000ns  (sys_clk_pin rise@10.000ns - sys_clk_pin rise@0.000ns)
  Data Path Delay:        1.994ns  (logic 0.799ns (40.074%)  route 1.195ns (59.926%))
  Logic Levels:           1  (LUT3=1)
  Clock Path Skew:        -0.021ns (DCD - SCD + CPR)
    Destination Clock Delay (DCD):    4.788ns = ( 14.788 - 10.000 ) 
    Source Clock Delay      (SCD):    5.083ns
    Clock Pessimism Removal (CPR):    0.274ns
  Clock Uncertainty:      0.035ns  ((TSJ^2 + TIJ^2)^1/2 + DJ) / 2 + PE
    Total System Jitter     (TSJ):    0.071ns
    Total Input Jitter      (TIJ):    0.000ns
    Discrete Jitter          (DJ):    0.000ns
    Phase Error              (PE):    0.000ns

    Location             Delay type                Incr(ns)  Path(ns)    Netlist Resource(s)
  -------------------------------------------------------------------    -------------------
                         (clock sys_clk_pin rise edge)
                                                      0.000     0.000 r  
    W5                                                0.000     0.000 r  clk (IN)
                         net (fo=0)                   0.000     0.000    clk
    W5                   IBUF (Prop_ibuf_I_O)         1.458     1.458 r  clk_IBUF_inst/O
                         net (fo=1, routed)           1.967     3.425    clk_IBUF
    BUFGCTRL_X0Y0        BUFG (Prop_bufg_I_O)         0.096     3.521 r  clk_IBUF_BUFG_inst/O
                         net (fo=53, routed)          1.562     5.083    clk_IBUF_BUFG
    SLICE_X14Y34         FDCE                                         r  FSM_onehot_state_reg[4]/C
  -------------------------------------------------------------------    -------------------
    SLICE_X14Y34         FDCE (Prop_fdce_C_Q)         0.478     5.561 r  FSM_onehot_state_reg[4]/Q
                         net (fo=49, routed)          1.195     6.756    u_leds/leds_reg[0]_0[1]
    SLICE_X13Y38         LUT3 (Prop_lut3_I1_O)        0.321     7.077 r  u_leds/leds[9]_i_1/O
                         net (fo=1, routed)           0.000     7.077    u_leds/WriteData[9]
    SLICE_X13Y38         FDCE                                         r  u_leds/leds_reg[9]/D
  -------------------------------------------------------------------    -------------------

                         (clock sys_clk_pin rise edge)
                                                     10.000    10.000 r  
    W5                                                0.000    10.000 r  clk (IN)
                         net (fo=0)                   0.000    10.000    clk
    W5                   IBUF (Prop_ibuf_I_O)         1.388    11.388 r  clk_IBUF_inst/O
                         net (fo=1, routed)           1.862    13.250    clk_IBUF
    BUFGCTRL_X0Y0        BUFG (Prop_bufg_I_O)         0.091    13.341 r  clk_IBUF_BUFG_inst/O
                         net (fo=53, routed)          1.447    14.788    u_leds/CLK
    SLICE_X13Y38         FDCE                                         r  u_leds/leds_reg[9]/C
                         clock pessimism              0.274    15.062    
                         clock uncertainty           -0.035    15.027    
    SLICE_X13Y38         FDCE (Setup_fdce_C_D)        0.075    15.102    u_leds/leds_reg[9]
  -------------------------------------------------------------------
                         required time                         15.102    
                         arrival time                          -7.077    
  -------------------------------------------------------------------
                         slack                                  8.025    

Slack (MET) :             8.031ns  (required time - arrival time)
  Source:                 FSM_onehot_state_reg[4]/C
                            (rising edge-triggered cell FDCE clocked by sys_clk_pin  {rise@0.000ns fall@5.000ns period=10.000ns})
  Destination:            u_switches/readData_reg[14]/D
                            (rising edge-triggered cell FDCE clocked by sys_clk_pin  {rise@0.000ns fall@5.000ns period=10.000ns})
  Path Group:             sys_clk_pin
  Path Type:              Setup (Max at Slow Process Corner)
  Requirement:            10.000ns  (sys_clk_pin rise@10.000ns - sys_clk_pin rise@0.000ns)
  Data Path Delay:        1.991ns  (logic 0.773ns (38.828%)  route 1.218ns (61.172%))
  Logic Levels:           1  (LUT3=1)
  Clock Path Skew:        -0.020ns (DCD - SCD + CPR)
    Destination Clock Delay (DCD):    4.789ns = ( 14.789 - 10.000 ) 
    Source Clock Delay      (SCD):    5.083ns
    Clock Pessimism Removal (CPR):    0.274ns
  Clock Uncertainty:      0.035ns  ((TSJ^2 + TIJ^2)^1/2 + DJ) / 2 + PE
    Total System Jitter     (TSJ):    0.071ns
    Total Input Jitter      (TIJ):    0.000ns
    Discrete Jitter          (DJ):    0.000ns
    Phase Error              (PE):    0.000ns

    Location             Delay type                Incr(ns)  Path(ns)    Netlist Resource(s)
  -------------------------------------------------------------------    -------------------
                         (clock sys_clk_pin rise edge)
                                                      0.000     0.000 r  
    W5                                                0.000     0.000 r  clk (IN)
                         net (fo=0)                   0.000     0.000    clk
    W5                   IBUF (Prop_ibuf_I_O)         1.458     1.458 r  clk_IBUF_inst/O
                         net (fo=1, routed)           1.967     3.425    clk_IBUF
    BUFGCTRL_X0Y0        BUFG (Prop_bufg_I_O)         0.096     3.521 r  clk_IBUF_BUFG_inst/O
                         net (fo=53, routed)          1.562     5.083    clk_IBUF_BUFG
    SLICE_X14Y34         FDCE                                         r  FSM_onehot_state_reg[4]/C
  -------------------------------------------------------------------    -------------------
    SLICE_X14Y34         FDCE (Prop_fdce_C_Q)         0.478     5.561 f  FSM_onehot_state_reg[4]/Q
                         net (fo=49, routed)          1.218     6.779    u_switches/Q[1]
    SLICE_X14Y39         LUT3 (Prop_lut3_I1_O)        0.295     7.074 r  u_switches/readData[14]_i_1/O
                         net (fo=1, routed)           0.000     7.074    u_switches/readData[14]_i_1_n_0
    SLICE_X14Y39         FDCE                                         r  u_switches/readData_reg[14]/D
  -------------------------------------------------------------------    -------------------

                         (clock sys_clk_pin rise edge)
                                                     10.000    10.000 r  
    W5                                                0.000    10.000 r  clk (IN)
                         net (fo=0)                   0.000    10.000    clk
    W5                   IBUF (Prop_ibuf_I_O)         1.388    11.388 r  clk_IBUF_inst/O
                         net (fo=1, routed)           1.862    13.250    clk_IBUF
    BUFGCTRL_X0Y0        BUFG (Prop_bufg_I_O)         0.091    13.341 r  clk_IBUF_BUFG_inst/O
                         net (fo=53, routed)          1.448    14.789    u_switches/CLK
    SLICE_X14Y39         FDCE                                         r  u_switches/readData_reg[14]/C
                         clock pessimism              0.274    15.063    
                         clock uncertainty           -0.035    15.028    
    SLICE_X14Y39         FDCE (Setup_fdce_C_D)        0.077    15.105    u_switches/readData_reg[14]
  -------------------------------------------------------------------
                         required time                         15.105    
                         arrival time                          -7.074    
  -------------------------------------------------------------------
                         slack                                  8.031    

Slack (MET) :             8.040ns  (required time - arrival time)
  Source:                 FSM_onehot_state_reg[2]/C
                            (rising edge-triggered cell FDCE clocked by sys_clk_pin  {rise@0.000ns fall@5.000ns period=10.000ns})
  Destination:            u_leds/leds_reg[4]/D
                            (rising edge-triggered cell FDCE clocked by sys_clk_pin  {rise@0.000ns fall@5.000ns period=10.000ns})
  Path Group:             sys_clk_pin
  Path Type:              Setup (Max at Slow Process Corner)
  Requirement:            10.000ns  (sys_clk_pin rise@10.000ns - sys_clk_pin rise@0.000ns)
  Data Path Delay:        1.979ns  (logic 0.642ns (32.442%)  route 1.337ns (67.558%))
  Logic Levels:           1  (LUT3=1)
  Clock Path Skew:        -0.027ns (DCD - SCD + CPR)
    Destination Clock Delay (DCD):    4.784ns = ( 14.784 - 10.000 ) 
    Source Clock Delay      (SCD):    5.085ns
    Clock Pessimism Removal (CPR):    0.274ns
  Clock Uncertainty:      0.035ns  ((TSJ^2 + TIJ^2)^1/2 + DJ) / 2 + PE
    Total System Jitter     (TSJ):    0.071ns
    Total Input Jitter      (TIJ):    0.000ns
    Discrete Jitter          (DJ):    0.000ns
    Phase Error              (PE):    0.000ns

    Location             Delay type                Incr(ns)  Path(ns)    Netlist Resource(s)
  -------------------------------------------------------------------    -------------------
                         (clock sys_clk_pin rise edge)
                                                      0.000     0.000 r  
    W5                                                0.000     0.000 r  clk (IN)
                         net (fo=0)                   0.000     0.000    clk
    W5                   IBUF (Prop_ibuf_I_O)         1.458     1.458 r  clk_IBUF_inst/O
                         net (fo=1, routed)           1.967     3.425    clk_IBUF
    BUFGCTRL_X0Y0        BUFG (Prop_bufg_I_O)         0.096     3.521 r  clk_IBUF_BUFG_inst/O
                         net (fo=53, routed)          1.564     5.085    clk_IBUF_BUFG
    SLICE_X14Y36         FDCE                                         r  FSM_onehot_state_reg[2]/C
  -------------------------------------------------------------------    -------------------
    SLICE_X14Y36         FDCE (Prop_fdce_C_Q)         0.518     5.603 r  FSM_onehot_state_reg[2]/Q
                         net (fo=17, routed)          1.337     6.940    u_leds/leds_reg[0]_0[0]
    SLICE_X12Y33         LUT3 (Prop_lut3_I2_O)        0.124     7.064 r  u_leds/leds[4]_i_1/O
                         net (fo=1, routed)           0.000     7.064    u_leds/WriteData[4]
    SLICE_X12Y33         FDCE                                         r  u_leds/leds_reg[4]/D
  -------------------------------------------------------------------    -------------------

                         (clock sys_clk_pin rise edge)
                                                     10.000    10.000 r  
    W5                                                0.000    10.000 r  clk (IN)
                         net (fo=0)                   0.000    10.000    clk
    W5                   IBUF (Prop_ibuf_I_O)         1.388    11.388 r  clk_IBUF_inst/O
                         net (fo=1, routed)           1.862    13.250    clk_IBUF
    BUFGCTRL_X0Y0        BUFG (Prop_bufg_I_O)         0.091    13.341 r  clk_IBUF_BUFG_inst/O
                         net (fo=53, routed)          1.443    14.784    u_leds/CLK
    SLICE_X12Y33         FDCE                                         r  u_leds/leds_reg[4]/C
                         clock pessimism              0.274    15.058    
                         clock uncertainty           -0.035    15.023    
    SLICE_X12Y33         FDCE (Setup_fdce_C_D)        0.081    15.104    u_leds/leds_reg[4]
  -------------------------------------------------------------------
                         required time                         15.104    
                         arrival time                          -7.064    
  -------------------------------------------------------------------
                         slack                                  8.040    

Slack (MET) :             8.048ns  (required time - arrival time)
  Source:                 FSM_onehot_state_reg[4]/C
                            (rising edge-triggered cell FDCE clocked by sys_clk_pin  {rise@0.000ns fall@5.000ns period=10.000ns})
  Destination:            u_switches/readData_reg[15]/D
                            (rising edge-triggered cell FDCE clocked by sys_clk_pin  {rise@0.000ns fall@5.000ns period=10.000ns})
  Path Group:             sys_clk_pin
  Path Type:              Setup (Max at Slow Process Corner)
  Requirement:            10.000ns  (sys_clk_pin rise@10.000ns - sys_clk_pin rise@0.000ns)
  Data Path Delay:        2.015ns  (logic 0.797ns (39.557%)  route 1.218ns (60.443%))
  Logic Levels:           1  (LUT3=1)
  Clock Path Skew:        -0.020ns (DCD - SCD + CPR)
    Destination Clock Delay (DCD):    4.789ns = ( 14.789 - 10.000 ) 
    Source Clock Delay      (SCD):    5.083ns
    Clock Pessimism Removal (CPR):    0.274ns
  Clock Uncertainty:      0.035ns  ((TSJ^2 + TIJ^2)^1/2 + DJ) / 2 + PE
    Total System Jitter     (TSJ):    0.071ns
    Total Input Jitter      (TIJ):    0.000ns
    Discrete Jitter          (DJ):    0.000ns
    Phase Error              (PE):    0.000ns

    Location             Delay type                Incr(ns)  Path(ns)    Netlist Resource(s)
  -------------------------------------------------------------------    -------------------
                         (clock sys_clk_pin rise edge)
                                                      0.000     0.000 r  
    W5                                                0.000     0.000 r  clk (IN)
                         net (fo=0)                   0.000     0.000    clk
    W5                   IBUF (Prop_ibuf_I_O)         1.458     1.458 r  clk_IBUF_inst/O
                         net (fo=1, routed)           1.967     3.425    clk_IBUF
    BUFGCTRL_X0Y0        BUFG (Prop_bufg_I_O)         0.096     3.521 r  clk_IBUF_BUFG_inst/O
                         net (fo=53, routed)          1.562     5.083    clk_IBUF_BUFG
    SLICE_X14Y34         FDCE                                         r  FSM_onehot_state_reg[4]/C
  -------------------------------------------------------------------    -------------------
    SLICE_X14Y34         FDCE (Prop_fdce_C_Q)         0.478     5.561 f  FSM_onehot_state_reg[4]/Q
                         net (fo=49, routed)          1.218     6.779    u_switches/Q[1]
    SLICE_X14Y39         LUT3 (Prop_lut3_I1_O)        0.319     7.098 r  u_switches/readData[15]_i_1/O
                         net (fo=1, routed)           0.000     7.098    u_switches/readData[15]_i_1_n_0
    SLICE_X14Y39         FDCE                                         r  u_switches/readData_reg[15]/D
  -------------------------------------------------------------------    -------------------

                         (clock sys_clk_pin rise edge)
                                                     10.000    10.000 r  
    W5                                                0.000    10.000 r  clk (IN)
                         net (fo=0)                   0.000    10.000    clk
    W5                   IBUF (Prop_ibuf_I_O)         1.388    11.388 r  clk_IBUF_inst/O
                         net (fo=1, routed)           1.862    13.250    clk_IBUF
    BUFGCTRL_X0Y0        BUFG (Prop_bufg_I_O)         0.091    13.341 r  clk_IBUF_BUFG_inst/O
                         net (fo=53, routed)          1.448    14.789    u_switches/CLK
    SLICE_X14Y39         FDCE                                         r  u_switches/readData_reg[15]/C
                         clock pessimism              0.274    15.063    
                         clock uncertainty           -0.035    15.028    
    SLICE_X14Y39         FDCE (Setup_fdce_C_D)        0.118    15.146    u_switches/readData_reg[15]
  -------------------------------------------------------------------
                         required time                         15.146    
                         arrival time                          -7.098    
  -------------------------------------------------------------------
                         slack                                  8.048    

Slack (MET) :             8.049ns  (required time - arrival time)
  Source:                 FSM_onehot_state_reg[2]/C
                            (rising edge-triggered cell FDCE clocked by sys_clk_pin  {rise@0.000ns fall@5.000ns period=10.000ns})
  Destination:            u_leds/leds_reg[5]/D
                            (rising edge-triggered cell FDCE clocked by sys_clk_pin  {rise@0.000ns fall@5.000ns period=10.000ns})
  Path Group:             sys_clk_pin
  Path Type:              Setup (Max at Slow Process Corner)
  Requirement:            10.000ns  (sys_clk_pin rise@10.000ns - sys_clk_pin rise@0.000ns)
  Data Path Delay:        2.007ns  (logic 0.670ns (33.385%)  route 1.337ns (66.615%))
  Logic Levels:           1  (LUT3=1)
  Clock Path Skew:        -0.027ns (DCD - SCD + CPR)
    Destination Clock Delay (DCD):    4.784ns = ( 14.784 - 10.000 ) 
    Source Clock Delay      (SCD):    5.085ns
    Clock Pessimism Removal (CPR):    0.274ns
  Clock Uncertainty:      0.035ns  ((TSJ^2 + TIJ^2)^1/2 + DJ) / 2 + PE
    Total System Jitter     (TSJ):    0.071ns
    Total Input Jitter      (TIJ):    0.000ns
    Discrete Jitter          (DJ):    0.000ns
    Phase Error              (PE):    0.000ns

    Location             Delay type                Incr(ns)  Path(ns)    Netlist Resource(s)
  -------------------------------------------------------------------    -------------------
                         (clock sys_clk_pin rise edge)
                                                      0.000     0.000 r  
    W5                                                0.000     0.000 r  clk (IN)
                         net (fo=0)                   0.000     0.000    clk
    W5                   IBUF (Prop_ibuf_I_O)         1.458     1.458 r  clk_IBUF_inst/O
                         net (fo=1, routed)           1.967     3.425    clk_IBUF
    BUFGCTRL_X0Y0        BUFG (Prop_bufg_I_O)         0.096     3.521 r  clk_IBUF_BUFG_inst/O
                         net (fo=53, routed)          1.564     5.085    clk_IBUF_BUFG
    SLICE_X14Y36         FDCE                                         r  FSM_onehot_state_reg[2]/C
  -------------------------------------------------------------------    -------------------
    SLICE_X14Y36         FDCE (Prop_fdce_C_Q)         0.518     5.603 r  FSM_onehot_state_reg[2]/Q
                         net (fo=17, routed)          1.337     6.940    u_leds/leds_reg[0]_0[0]
    SLICE_X12Y33         LUT3 (Prop_lut3_I2_O)        0.152     7.092 r  u_leds/leds[5]_i_1/O
                         net (fo=1, routed)           0.000     7.092    u_leds/WriteData[5]
    SLICE_X12Y33         FDCE                                         r  u_leds/leds_reg[5]/D
  -------------------------------------------------------------------    -------------------

                         (clock sys_clk_pin rise edge)
                                                     10.000    10.000 r  
    W5                                                0.000    10.000 r  clk (IN)
                         net (fo=0)                   0.000    10.000    clk
    W5                   IBUF (Prop_ibuf_I_O)         1.388    11.388 r  clk_IBUF_inst/O
                         net (fo=1, routed)           1.862    13.250    clk_IBUF
    BUFGCTRL_X0Y0        BUFG (Prop_bufg_I_O)         0.091    13.341 r  clk_IBUF_BUFG_inst/O
                         net (fo=53, routed)          1.443    14.784    u_leds/CLK
    SLICE_X12Y33         FDCE                                         r  u_leds/leds_reg[5]/C
                         clock pessimism              0.274    15.058    
                         clock uncertainty           -0.035    15.023    
    SLICE_X12Y33         FDCE (Setup_fdce_C_D)        0.118    15.141    u_leds/leds_reg[5]
  -------------------------------------------------------------------
                         required time                         15.141    
                         arrival time                          -7.092    
  -------------------------------------------------------------------
                         slack                                  8.049    





Min Delay Paths
--------------------------------------------------------------------------------------
Slack (MET) :             0.140ns  (arrival time - required time)
  Source:                 FSM_onehot_state_reg[0]/C
                            (rising edge-triggered cell FDPE clocked by sys_clk_pin  {rise@0.000ns fall@5.000ns period=10.000ns})
  Destination:            FSM_onehot_state_reg[1]/D
                            (rising edge-triggered cell FDCE clocked by sys_clk_pin  {rise@0.000ns fall@5.000ns period=10.000ns})
  Path Group:             sys_clk_pin
  Path Type:              Hold (Min at Fast Process Corner)
  Requirement:            0.000ns  (sys_clk_pin rise@0.000ns - sys_clk_pin rise@0.000ns)
  Data Path Delay:        0.273ns  (logic 0.186ns (68.106%)  route 0.087ns (31.894%))
  Logic Levels:           1  (LUT2=1)
  Clock Path Skew:        0.013ns (DCD - SCD - CPR)
    Destination Clock Delay (DCD):    1.957ns
    Source Clock Delay      (SCD):    1.445ns
    Clock Pessimism Removal (CPR):    0.499ns

    Location             Delay type                Incr(ns)  Path(ns)    Netlist Resource(s)
  -------------------------------------------------------------------    -------------------
                         (clock sys_clk_pin rise edge)
                                                      0.000     0.000 r  
    W5                                                0.000     0.000 r  clk (IN)
                         net (fo=0)                   0.000     0.000    clk
    W5                   IBUF (Prop_ibuf_I_O)         0.226     0.226 r  clk_IBUF_inst/O
                         net (fo=1, routed)           0.631     0.858    clk_IBUF
    BUFGCTRL_X0Y0        BUFG (Prop_bufg_I_O)         0.026     0.884 r  clk_IBUF_BUFG_inst/O
                         net (fo=53, routed)          0.562     1.445    clk_IBUF_BUFG
    SLICE_X15Y34         FDPE                                         r  FSM_onehot_state_reg[0]/C
  -------------------------------------------------------------------    -------------------
    SLICE_X15Y34         FDPE (Prop_fdpe_C_Q)         0.141     1.586 r  FSM_onehot_state_reg[0]/Q
                         net (fo=1, routed)           0.087     1.673    FSM_onehot_state_reg_n_0_[0]
    SLICE_X14Y34         LUT2 (Prop_lut2_I0_O)        0.045     1.718 r  FSM_onehot_state[1]_i_1/O
                         net (fo=1, routed)           0.000     1.718    FSM_onehot_state[1]_i_1_n_0
    SLICE_X14Y34         FDCE                                         r  FSM_onehot_state_reg[1]/D
  -------------------------------------------------------------------    -------------------

                         (clock sys_clk_pin rise edge)
                                                      0.000     0.000 r  
    W5                                                0.000     0.000 r  clk (IN)
                         net (fo=0)                   0.000     0.000    clk
    W5                   IBUF (Prop_ibuf_I_O)         0.414     0.414 r  clk_IBUF_inst/O
                         net (fo=1, routed)           0.685     1.099    clk_IBUF
    BUFGCTRL_X0Y0        BUFG (Prop_bufg_I_O)         0.029     1.128 r  clk_IBUF_BUFG_inst/O
                         net (fo=53, routed)          0.830     1.957    clk_IBUF_BUFG
    SLICE_X14Y34         FDCE                                         r  FSM_onehot_state_reg[1]/C
                         clock pessimism             -0.499     1.458    
    SLICE_X14Y34         FDCE (Hold_fdce_C_D)         0.120     1.578    FSM_onehot_state_reg[1]
  -------------------------------------------------------------------
                         required time                         -1.578    
                         arrival time                           1.718    
  -------------------------------------------------------------------
                         slack                                  0.140    

Slack (MET) :             0.140ns  (arrival time - required time)
  Source:                 switch_data_reg[0]/C
                            (rising edge-triggered cell FDCE clocked by sys_clk_pin  {rise@0.000ns fall@5.000ns period=10.000ns})
  Destination:            u_leds/leds_reg[0]/D
                            (rising edge-triggered cell FDCE clocked by sys_clk_pin  {rise@0.000ns fall@5.000ns period=10.000ns})
  Path Group:             sys_clk_pin
  Path Type:              Hold (Min at Fast Process Corner)
  Requirement:            0.000ns  (sys_clk_pin rise@0.000ns - sys_clk_pin rise@0.000ns)
  Data Path Delay:        0.273ns  (logic 0.186ns (68.106%)  route 0.087ns (31.894%))
  Logic Levels:           1  (LUT3=1)
  Clock Path Skew:        0.013ns (DCD - SCD - CPR)
    Destination Clock Delay (DCD):    1.957ns
    Source Clock Delay      (SCD):    1.445ns
    Clock Pessimism Removal (CPR):    0.499ns

    Location             Delay type                Incr(ns)  Path(ns)    Netlist Resource(s)
  -------------------------------------------------------------------    -------------------
                         (clock sys_clk_pin rise edge)
                                                      0.000     0.000 r  
    W5                                                0.000     0.000 r  clk (IN)
                         net (fo=0)                   0.000     0.000    clk
    W5                   IBUF (Prop_ibuf_I_O)         0.226     0.226 r  clk_IBUF_inst/O
                         net (fo=1, routed)           0.631     0.858    clk_IBUF
    BUFGCTRL_X0Y0        BUFG (Prop_bufg_I_O)         0.026     0.884 r  clk_IBUF_BUFG_inst/O
                         net (fo=53, routed)          0.562     1.445    clk_IBUF_BUFG
    SLICE_X13Y34         FDCE                                         r  switch_data_reg[0]/C
  -------------------------------------------------------------------    -------------------
    SLICE_X13Y34         FDCE (Prop_fdce_C_Q)         0.141     1.586 r  switch_data_reg[0]/Q
                         net (fo=1, routed)           0.087     1.673    u_leds/leds_reg[15]_0[0]
    SLICE_X12Y34         LUT3 (Prop_lut3_I0_O)        0.045     1.718 r  u_leds/leds[0]_i_1/O
                         net (fo=1, routed)           0.000     1.718    u_leds/WriteData[0]
    SLICE_X12Y34         FDCE                                         r  u_leds/leds_reg[0]/D
  -------------------------------------------------------------------    -------------------

                         (clock sys_clk_pin rise edge)
                                                      0.000     0.000 r  
    W5                                                0.000     0.000 r  clk (IN)
                         net (fo=0)                   0.000     0.000    clk
    W5                   IBUF (Prop_ibuf_I_O)         0.414     0.414 r  clk_IBUF_inst/O
                         net (fo=1, routed)           0.685     1.099    clk_IBUF
    BUFGCTRL_X0Y0        BUFG (Prop_bufg_I_O)         0.029     1.128 r  clk_IBUF_BUFG_inst/O
                         net (fo=53, routed)          0.830     1.957    u_leds/CLK
    SLICE_X12Y34         FDCE                                         r  u_leds/leds_reg[0]/C
                         clock pessimism             -0.499     1.458    
    SLICE_X12Y34         FDCE (Hold_fdce_C_D)         0.120     1.578    u_leds/leds_reg[0]
  -------------------------------------------------------------------
                         required time                         -1.578    
                         arrival time                           1.718    
  -------------------------------------------------------------------
                         slack                                  0.140    

Slack (MET) :             0.140ns  (arrival time - required time)
  Source:                 switch_data_reg[2]/C
                            (rising edge-triggered cell FDCE clocked by sys_clk_pin  {rise@0.000ns fall@5.000ns period=10.000ns})
  Destination:            u_leds/leds_reg[2]/D
                            (rising edge-triggered cell FDCE clocked by sys_clk_pin  {rise@0.000ns fall@5.000ns period=10.000ns})
  Path Group:             sys_clk_pin
  Path Type:              Hold (Min at Fast Process Corner)
  Requirement:            0.000ns  (sys_clk_pin rise@0.000ns - sys_clk_pin rise@0.000ns)
  Data Path Delay:        0.273ns  (logic 0.186ns (68.106%)  route 0.087ns (31.894%))
  Logic Levels:           1  (LUT3=1)
  Clock Path Skew:        0.013ns (DCD - SCD - CPR)
    Destination Clock Delay (DCD):    1.956ns
    Source Clock Delay      (SCD):    1.444ns
    Clock Pessimism Removal (CPR):    0.499ns

    Location             Delay type                Incr(ns)  Path(ns)    Netlist Resource(s)
  -------------------------------------------------------------------    -------------------
                         (clock sys_clk_pin rise edge)
                                                      0.000     0.000 r  
    W5                                                0.000     0.000 r  clk (IN)
                         net (fo=0)                   0.000     0.000    clk
    W5                   IBUF (Prop_ibuf_I_O)         0.226     0.226 r  clk_IBUF_inst/O
                         net (fo=1, routed)           0.631     0.858    clk_IBUF
    BUFGCTRL_X0Y0        BUFG (Prop_bufg_I_O)         0.026     0.884 r  clk_IBUF_BUFG_inst/O
                         net (fo=53, routed)          0.561     1.444    clk_IBUF_BUFG
    SLICE_X13Y33         FDCE                                         r  switch_data_reg[2]/C
  -------------------------------------------------------------------    -------------------
    SLICE_X13Y33         FDCE (Prop_fdce_C_Q)         0.141     1.585 r  switch_data_reg[2]/Q
                         net (fo=1, routed)           0.087     1.672    u_leds/leds_reg[15]_0[2]
    SLICE_X12Y33         LUT3 (Prop_lut3_I0_O)        0.045     1.717 r  u_leds/leds[2]_i_1/O
                         net (fo=1, routed)           0.000     1.717    u_leds/WriteData[2]
    SLICE_X12Y33         FDCE                                         r  u_leds/leds_reg[2]/D
  -------------------------------------------------------------------    -------------------

                         (clock sys_clk_pin rise edge)
                                                      0.000     0.000 r  
    W5                                                0.000     0.000 r  clk (IN)
                         net (fo=0)                   0.000     0.000    clk
    W5                   IBUF (Prop_ibuf_I_O)         0.414     0.414 r  clk_IBUF_inst/O
                         net (fo=1, routed)           0.685     1.099    clk_IBUF
    BUFGCTRL_X0Y0        BUFG (Prop_bufg_I_O)         0.029     1.128 r  clk_IBUF_BUFG_inst/O
                         net (fo=53, routed)          0.829     1.956    u_leds/CLK
    SLICE_X12Y33         FDCE                                         r  u_leds/leds_reg[2]/C
                         clock pessimism             -0.499     1.457    
    SLICE_X12Y33         FDCE (Hold_fdce_C_D)         0.120     1.577    u_leds/leds_reg[2]
  -------------------------------------------------------------------
                         required time                         -1.577    
                         arrival time                           1.717    
  -------------------------------------------------------------------
                         slack                                  0.140    

Slack (MET) :             0.184ns  (arrival time - required time)
  Source:                 FSM_onehot_state_reg[3]/C
                            (rising edge-triggered cell FDCE clocked by sys_clk_pin  {rise@0.000ns fall@5.000ns period=10.000ns})
  Destination:            FSM_onehot_state_reg[4]/D
                            (rising edge-triggered cell FDCE clocked by sys_clk_pin  {rise@0.000ns fall@5.000ns period=10.000ns})
  Path Group:             sys_clk_pin
  Path Type:              Hold (Min at Fast Process Corner)
  Requirement:            0.000ns  (sys_clk_pin rise@0.000ns - sys_clk_pin rise@0.000ns)
  Data Path Delay:        0.257ns  (logic 0.141ns (54.828%)  route 0.116ns (45.172%))
  Logic Levels:           0  
  Clock Path Skew:        0.013ns (DCD - SCD - CPR)
    Destination Clock Delay (DCD):    1.957ns
    Source Clock Delay      (SCD):    1.445ns
    Clock Pessimism Removal (CPR):    0.499ns

    Location             Delay type                Incr(ns)  Path(ns)    Netlist Resource(s)
  -------------------------------------------------------------------    -------------------
                         (clock sys_clk_pin rise edge)
                                                      0.000     0.000 r  
    W5                                                0.000     0.000 r  clk (IN)
                         net (fo=0)                   0.000     0.000    clk
    W5                   IBUF (Prop_ibuf_I_O)         0.226     0.226 r  clk_IBUF_inst/O
                         net (fo=1, routed)           0.631     0.858    clk_IBUF
    BUFGCTRL_X0Y0        BUFG (Prop_bufg_I_O)         0.026     0.884 r  clk_IBUF_BUFG_inst/O
                         net (fo=53, routed)          0.562     1.445    clk_IBUF_BUFG
    SLICE_X15Y34         FDCE                                         r  FSM_onehot_state_reg[3]/C
  -------------------------------------------------------------------    -------------------
    SLICE_X15Y34         FDCE (Prop_fdce_C_Q)         0.141     1.586 r  FSM_onehot_state_reg[3]/Q
                         net (fo=1, routed)           0.116     1.702    FSM_onehot_state_reg_n_0_[3]
    SLICE_X14Y34         FDCE                                         r  FSM_onehot_state_reg[4]/D
  -------------------------------------------------------------------    -------------------

                         (clock sys_clk_pin rise edge)
                                                      0.000     0.000 r  
    W5                                                0.000     0.000 r  clk (IN)
                         net (fo=0)                   0.000     0.000    clk
    W5                   IBUF (Prop_ibuf_I_O)         0.414     0.414 r  clk_IBUF_inst/O
                         net (fo=1, routed)           0.685     1.099    clk_IBUF
    BUFGCTRL_X0Y0        BUFG (Prop_bufg_I_O)         0.029     1.128 r  clk_IBUF_BUFG_inst/O
                         net (fo=53, routed)          0.830     1.957    clk_IBUF_BUFG
    SLICE_X14Y34         FDCE                                         r  FSM_onehot_state_reg[4]/C
                         clock pessimism             -0.499     1.458    
    SLICE_X14Y34         FDCE (Hold_fdce_C_D)         0.060     1.518    FSM_onehot_state_reg[4]
  -------------------------------------------------------------------
                         required time                         -1.518    
                         arrival time                           1.702    
  -------------------------------------------------------------------
                         slack                                  0.184    

Slack (MET) :             0.187ns  (arrival time - required time)
  Source:                 u_switches/readData_reg[12]/C
                            (rising edge-triggered cell FDCE clocked by sys_clk_pin  {rise@0.000ns fall@5.000ns period=10.000ns})
  Destination:            switch_data_reg[12]/D
                            (rising edge-triggered cell FDCE clocked by sys_clk_pin  {rise@0.000ns fall@5.000ns period=10.000ns})
  Path Group:             sys_clk_pin
  Path Type:              Hold (Min at Fast Process Corner)
  Requirement:            0.000ns  (sys_clk_pin rise@0.000ns - sys_clk_pin rise@0.000ns)
  Data Path Delay:        0.291ns  (logic 0.209ns (71.796%)  route 0.082ns (28.204%))
  Logic Levels:           1  (LUT2=1)
  Clock Path Skew:        0.013ns (DCD - SCD - CPR)
    Destination Clock Delay (DCD):    1.958ns
    Source Clock Delay      (SCD):    1.445ns
    Clock Pessimism Removal (CPR):    0.500ns

    Location             Delay type                Incr(ns)  Path(ns)    Netlist Resource(s)
  -------------------------------------------------------------------    -------------------
                         (clock sys_clk_pin rise edge)
                                                      0.000     0.000 r  
    W5                                                0.000     0.000 r  clk (IN)
                         net (fo=0)                   0.000     0.000    clk
    W5                   IBUF (Prop_ibuf_I_O)         0.226     0.226 r  clk_IBUF_inst/O
                         net (fo=1, routed)           0.631     0.858    clk_IBUF
    BUFGCTRL_X0Y0        BUFG (Prop_bufg_I_O)         0.026     0.884 r  clk_IBUF_BUFG_inst/O
                         net (fo=53, routed)          0.562     1.445    u_switches/CLK
    SLICE_X14Y36         FDCE                                         r  u_switches/readData_reg[12]/C
  -------------------------------------------------------------------    -------------------
    SLICE_X14Y36         FDCE (Prop_fdce_C_Q)         0.164     1.609 r  u_switches/readData_reg[12]/Q
                         net (fo=1, routed)           0.082     1.691    u_switches/readData[12]
    SLICE_X15Y36         LUT2 (Prop_lut2_I0_O)        0.045     1.736 r  u_switches/switch_data[12]_i_1/O
                         net (fo=1, routed)           0.000     1.736    readData0_out[12]
    SLICE_X15Y36         FDCE                                         r  switch_data_reg[12]/D
  -------------------------------------------------------------------    -------------------

                         (clock sys_clk_pin rise edge)
                                                      0.000     0.000 r  
    W5                                                0.000     0.000 r  clk (IN)
                         net (fo=0)                   0.000     0.000    clk
    W5                   IBUF (Prop_ibuf_I_O)         0.414     0.414 r  clk_IBUF_inst/O
                         net (fo=1, routed)           0.685     1.099    clk_IBUF
    BUFGCTRL_X0Y0        BUFG (Prop_bufg_I_O)         0.029     1.128 r  clk_IBUF_BUFG_inst/O
                         net (fo=53, routed)          0.831     1.958    clk_IBUF_BUFG
    SLICE_X15Y36         FDCE                                         r  switch_data_reg[12]/C
                         clock pessimism             -0.500     1.458    
    SLICE_X15Y36         FDCE (Hold_fdce_C_D)         0.091     1.549    switch_data_reg[12]
  -------------------------------------------------------------------
                         required time                         -1.549    
                         arrival time                           1.736    
  -------------------------------------------------------------------
                         slack                                  0.187    

Slack (MET) :             0.187ns  (arrival time - required time)
  Source:                 switch_data_reg[14]/C
                            (rising edge-triggered cell FDCE clocked by sys_clk_pin  {rise@0.000ns fall@5.000ns period=10.000ns})
  Destination:            u_leds/leds_reg[14]/D
                            (rising edge-triggered cell FDCE clocked by sys_clk_pin  {rise@0.000ns fall@5.000ns period=10.000ns})
  Path Group:             sys_clk_pin
  Path Type:              Hold (Min at Fast Process Corner)
  Requirement:            0.000ns  (sys_clk_pin rise@0.000ns - sys_clk_pin rise@0.000ns)
  Data Path Delay:        0.291ns  (logic 0.209ns (71.796%)  route 0.082ns (28.204%))
  Logic Levels:           1  (LUT3=1)
  Clock Path Skew:        0.013ns (DCD - SCD - CPR)
    Destination Clock Delay (DCD):    1.961ns
    Source Clock Delay      (SCD):    1.447ns
    Clock Pessimism Removal (CPR):    0.501ns

    Location             Delay type                Incr(ns)  Path(ns)    Netlist Resource(s)
  -------------------------------------------------------------------    -------------------
                         (clock sys_clk_pin rise edge)
                                                      0.000     0.000 r  
    W5                                                0.000     0.000 r  clk (IN)
                         net (fo=0)                   0.000     0.000    clk
    W5                   IBUF (Prop_ibuf_I_O)         0.226     0.226 r  clk_IBUF_inst/O
                         net (fo=1, routed)           0.631     0.858    clk_IBUF
    BUFGCTRL_X0Y0        BUFG (Prop_bufg_I_O)         0.026     0.884 r  clk_IBUF_BUFG_inst/O
                         net (fo=53, routed)          0.564     1.447    clk_IBUF_BUFG
    SLICE_X14Y38         FDCE                                         r  switch_data_reg[14]/C
  -------------------------------------------------------------------    -------------------
    SLICE_X14Y38         FDCE (Prop_fdce_C_Q)         0.164     1.611 r  switch_data_reg[14]/Q
                         net (fo=1, routed)           0.082     1.693    u_leds/leds_reg[15]_0[14]
    SLICE_X15Y38         LUT3 (Prop_lut3_I0_O)        0.045     1.738 r  u_leds/leds[14]_i_1/O
                         net (fo=1, routed)           0.000     1.738    u_leds/WriteData[14]
    SLICE_X15Y38         FDCE                                         r  u_leds/leds_reg[14]/D
  -------------------------------------------------------------------    -------------------

                         (clock sys_clk_pin rise edge)
                                                      0.000     0.000 r  
    W5                                                0.000     0.000 r  clk (IN)
                         net (fo=0)                   0.000     0.000    clk
    W5                   IBUF (Prop_ibuf_I_O)         0.414     0.414 r  clk_IBUF_inst/O
                         net (fo=1, routed)           0.685     1.099    clk_IBUF
    BUFGCTRL_X0Y0        BUFG (Prop_bufg_I_O)         0.029     1.128 r  clk_IBUF_BUFG_inst/O
                         net (fo=53, routed)          0.834     1.961    u_leds/CLK
    SLICE_X15Y38         FDCE                                         r  u_leds/leds_reg[14]/C
                         clock pessimism             -0.501     1.460    
    SLICE_X15Y38         FDCE (Hold_fdce_C_D)         0.091     1.551    u_leds/leds_reg[14]
  -------------------------------------------------------------------
                         required time                         -1.551    
                         arrival time                           1.738    
  -------------------------------------------------------------------
                         slack                                  0.187    

Slack (MET) :             0.191ns  (arrival time - required time)
  Source:                 u_switches/readData_reg[8]/C
                            (rising edge-triggered cell FDCE clocked by sys_clk_pin  {rise@0.000ns fall@5.000ns period=10.000ns})
  Destination:            switch_data_reg[8]/D
                            (rising edge-triggered cell FDCE clocked by sys_clk_pin  {rise@0.000ns fall@5.000ns period=10.000ns})
  Path Group:             sys_clk_pin
  Path Type:              Hold (Min at Fast Process Corner)
  Requirement:            0.000ns  (sys_clk_pin rise@0.000ns - sys_clk_pin rise@0.000ns)
  Data Path Delay:        0.325ns  (logic 0.186ns (57.212%)  route 0.139ns (42.788%))
  Logic Levels:           1  (LUT2=1)
  Clock Path Skew:        0.013ns (DCD - SCD - CPR)
    Destination Clock Delay (DCD):    1.961ns
    Source Clock Delay      (SCD):    1.447ns
    Clock Pessimism Removal (CPR):    0.501ns

    Location             Delay type                Incr(ns)  Path(ns)    Netlist Resource(s)
  -------------------------------------------------------------------    -------------------
                         (clock sys_clk_pin rise edge)
                                                      0.000     0.000 r  
    W5                                                0.000     0.000 r  clk (IN)
                         net (fo=0)                   0.000     0.000    clk
    W5                   IBUF (Prop_ibuf_I_O)         0.226     0.226 r  clk_IBUF_inst/O
                         net (fo=1, routed)           0.631     0.858    clk_IBUF
    BUFGCTRL_X0Y0        BUFG (Prop_bufg_I_O)         0.026     0.884 r  clk_IBUF_BUFG_inst/O
                         net (fo=53, routed)          0.564     1.447    u_switches/CLK
    SLICE_X15Y38         FDCE                                         r  u_switches/readData_reg[8]/C
  -------------------------------------------------------------------    -------------------
    SLICE_X15Y38         FDCE (Prop_fdce_C_Q)         0.141     1.588 r  u_switches/readData_reg[8]/Q
                         net (fo=1, routed)           0.139     1.727    u_switches/readData[8]
    SLICE_X14Y38         LUT2 (Prop_lut2_I0_O)        0.045     1.772 r  u_switches/switch_data[8]_i_1/O
                         net (fo=1, routed)           0.000     1.772    readData0_out[8]
    SLICE_X14Y38         FDCE                                         r  switch_data_reg[8]/D
  -------------------------------------------------------------------    -------------------

                         (clock sys_clk_pin rise edge)
                                                      0.000     0.000 r  
    W5                                                0.000     0.000 r  clk (IN)
                         net (fo=0)                   0.000     0.000    clk
    W5                   IBUF (Prop_ibuf_I_O)         0.414     0.414 r  clk_IBUF_inst/O
                         net (fo=1, routed)           0.685     1.099    clk_IBUF
    BUFGCTRL_X0Y0        BUFG (Prop_bufg_I_O)         0.029     1.128 r  clk_IBUF_BUFG_inst/O
                         net (fo=53, routed)          0.834     1.961    clk_IBUF_BUFG
    SLICE_X14Y38         FDCE                                         r  switch_data_reg[8]/C
                         clock pessimism             -0.501     1.460    
    SLICE_X14Y38         FDCE (Hold_fdce_C_D)         0.121     1.581    switch_data_reg[8]
  -------------------------------------------------------------------
                         required time                         -1.581    
                         arrival time                           1.772    
  -------------------------------------------------------------------
                         slack                                  0.191    

Slack (MET) :             0.191ns  (arrival time - required time)
  Source:                 switch_data_reg[4]/C
                            (rising edge-triggered cell FDCE clocked by sys_clk_pin  {rise@0.000ns fall@5.000ns period=10.000ns})
  Destination:            u_leds/leds_reg[4]/D
                            (rising edge-triggered cell FDCE clocked by sys_clk_pin  {rise@0.000ns fall@5.000ns period=10.000ns})
  Path Group:             sys_clk_pin
  Path Type:              Hold (Min at Fast Process Corner)
  Requirement:            0.000ns  (sys_clk_pin rise@0.000ns - sys_clk_pin rise@0.000ns)
  Data Path Delay:        0.325ns  (logic 0.186ns (57.212%)  route 0.139ns (42.788%))
  Logic Levels:           1  (LUT3=1)
  Clock Path Skew:        0.013ns (DCD - SCD - CPR)
    Destination Clock Delay (DCD):    1.956ns
    Source Clock Delay      (SCD):    1.444ns
    Clock Pessimism Removal (CPR):    0.499ns

    Location             Delay type                Incr(ns)  Path(ns)    Netlist Resource(s)
  -------------------------------------------------------------------    -------------------
                         (clock sys_clk_pin rise edge)
                                                      0.000     0.000 r  
    W5                                                0.000     0.000 r  clk (IN)
                         net (fo=0)                   0.000     0.000    clk
    W5                   IBUF (Prop_ibuf_I_O)         0.226     0.226 r  clk_IBUF_inst/O
                         net (fo=1, routed)           0.631     0.858    clk_IBUF
    BUFGCTRL_X0Y0        BUFG (Prop_bufg_I_O)         0.026     0.884 r  clk_IBUF_BUFG_inst/O
                         net (fo=53, routed)          0.561     1.444    clk_IBUF_BUFG
    SLICE_X13Y33         FDCE                                         r  switch_data_reg[4]/C
  -------------------------------------------------------------------    -------------------
    SLICE_X13Y33         FDCE (Prop_fdce_C_Q)         0.141     1.585 r  switch_data_reg[4]/Q
                         net (fo=1, routed)           0.139     1.724    u_leds/leds_reg[15]_0[4]
    SLICE_X12Y33         LUT3 (Prop_lut3_I0_O)        0.045     1.769 r  u_leds/leds[4]_i_1/O
                         net (fo=1, routed)           0.000     1.769    u_leds/WriteData[4]
    SLICE_X12Y33         FDCE                                         r  u_leds/leds_reg[4]/D
  -------------------------------------------------------------------    -------------------

                         (clock sys_clk_pin rise edge)
                                                      0.000     0.000 r  
    W5                                                0.000     0.000 r  clk (IN)
                         net (fo=0)                   0.000     0.000    clk
    W5                   IBUF (Prop_ibuf_I_O)         0.414     0.414 r  clk_IBUF_inst/O
                         net (fo=1, routed)           0.685     1.099    clk_IBUF
    BUFGCTRL_X0Y0        BUFG (Prop_bufg_I_O)         0.029     1.128 r  clk_IBUF_BUFG_inst/O
                         net (fo=53, routed)          0.829     1.956    u_leds/CLK
    SLICE_X12Y33         FDCE                                         r  u_leds/leds_reg[4]/C
                         clock pessimism             -0.499     1.457    
    SLICE_X12Y33         FDCE (Hold_fdce_C_D)         0.121     1.578    u_leds/leds_reg[4]
  -------------------------------------------------------------------
                         required time                         -1.578    
                         arrival time                           1.769    
  -------------------------------------------------------------------
                         slack                                  0.191    

Slack (MET) :             0.215ns  (arrival time - required time)
  Source:                 u_switches/readData_reg[6]/C
                            (rising edge-triggered cell FDCE clocked by sys_clk_pin  {rise@0.000ns fall@5.000ns period=10.000ns})
  Destination:            switch_data_reg[6]/D
                            (rising edge-triggered cell FDCE clocked by sys_clk_pin  {rise@0.000ns fall@5.000ns period=10.000ns})
  Path Group:             sys_clk_pin
  Path Type:              Hold (Min at Fast Process Corner)
  Requirement:            0.000ns  (sys_clk_pin rise@0.000ns - sys_clk_pin rise@0.000ns)
  Data Path Delay:        0.350ns  (logic 0.209ns (59.685%)  route 0.141ns (40.315%))
  Logic Levels:           1  (LUT2=1)
  Clock Path Skew:        0.015ns (DCD - SCD - CPR)
    Destination Clock Delay (DCD):    1.956ns
    Source Clock Delay      (SCD):    1.443ns
    Clock Pessimism Removal (CPR):    0.498ns

    Location             Delay type                Incr(ns)  Path(ns)    Netlist Resource(s)
  -------------------------------------------------------------------    -------------------
                         (clock sys_clk_pin rise edge)
                                                      0.000     0.000 r  
    W5                                                0.000     0.000 r  clk (IN)
                         net (fo=0)                   0.000     0.000    clk
    W5                   IBUF (Prop_ibuf_I_O)         0.226     0.226 r  clk_IBUF_inst/O
                         net (fo=1, routed)           0.631     0.858    clk_IBUF
    BUFGCTRL_X0Y0        BUFG (Prop_bufg_I_O)         0.026     0.884 r  clk_IBUF_BUFG_inst/O
                         net (fo=53, routed)          0.560     1.443    u_switches/CLK
    SLICE_X14Y32         FDCE                                         r  u_switches/readData_reg[6]/C
  -------------------------------------------------------------------    -------------------
    SLICE_X14Y32         FDCE (Prop_fdce_C_Q)         0.164     1.607 r  u_switches/readData_reg[6]/Q
                         net (fo=1, routed)           0.141     1.748    u_switches/readData[6]
    SLICE_X14Y33         LUT2 (Prop_lut2_I0_O)        0.045     1.793 r  u_switches/switch_data[6]_i_1/O
                         net (fo=1, routed)           0.000     1.793    readData0_out[6]
    SLICE_X14Y33         FDCE                                         r  switch_data_reg[6]/D
  -------------------------------------------------------------------    -------------------

                         (clock sys_clk_pin rise edge)
                                                      0.000     0.000 r  
    W5                                                0.000     0.000 r  clk (IN)
                         net (fo=0)                   0.000     0.000    clk
    W5                   IBUF (Prop_ibuf_I_O)         0.414     0.414 r  clk_IBUF_inst/O
                         net (fo=1, routed)           0.685     1.099    clk_IBUF
    BUFGCTRL_X0Y0        BUFG (Prop_bufg_I_O)         0.029     1.128 r  clk_IBUF_BUFG_inst/O
                         net (fo=53, routed)          0.829     1.956    clk_IBUF_BUFG
    SLICE_X14Y33         FDCE                                         r  switch_data_reg[6]/C
                         clock pessimism             -0.498     1.458    
    SLICE_X14Y33         FDCE (Hold_fdce_C_D)         0.120     1.578    switch_data_reg[6]
  -------------------------------------------------------------------
                         required time                         -1.578    
                         arrival time                           1.793    
  -------------------------------------------------------------------
                         slack                                  0.215    

Slack (MET) :             0.217ns  (arrival time - required time)
  Source:                 switch_data_reg[12]/C
                            (rising edge-triggered cell FDCE clocked by sys_clk_pin  {rise@0.000ns fall@5.000ns period=10.000ns})
  Destination:            u_leds/leds_reg[12]/D
                            (rising edge-triggered cell FDCE clocked by sys_clk_pin  {rise@0.000ns fall@5.000ns period=10.000ns})
  Path Group:             sys_clk_pin
  Path Type:              Hold (Min at Fast Process Corner)
  Requirement:            0.000ns  (sys_clk_pin rise@0.000ns - sys_clk_pin rise@0.000ns)
  Data Path Delay:        0.324ns  (logic 0.186ns (57.377%)  route 0.138ns (42.623%))
  Logic Levels:           1  (LUT3=1)
  Clock Path Skew:        0.016ns (DCD - SCD - CPR)
    Destination Clock Delay (DCD):    1.959ns
    Source Clock Delay      (SCD):    1.445ns
    Clock Pessimism Removal (CPR):    0.498ns

    Location             Delay type                Incr(ns)  Path(ns)    Netlist Resource(s)
  -------------------------------------------------------------------    -------------------
                         (clock sys_clk_pin rise edge)
                                                      0.000     0.000 r  
    W5                                                0.000     0.000 r  clk (IN)
                         net (fo=0)                   0.000     0.000    clk
    W5                   IBUF (Prop_ibuf_I_O)         0.226     0.226 r  clk_IBUF_inst/O
                         net (fo=1, routed)           0.631     0.858    clk_IBUF
    BUFGCTRL_X0Y0        BUFG (Prop_bufg_I_O)         0.026     0.884 r  clk_IBUF_BUFG_inst/O
                         net (fo=53, routed)          0.562     1.445    clk_IBUF_BUFG
    SLICE_X15Y36         FDCE                                         r  switch_data_reg[12]/C
  -------------------------------------------------------------------    -------------------
    SLICE_X15Y36         FDCE (Prop_fdce_C_Q)         0.141     1.586 r  switch_data_reg[12]/Q
                         net (fo=1, routed)           0.138     1.724    u_leds/leds_reg[15]_0[12]
    SLICE_X15Y37         LUT3 (Prop_lut3_I0_O)        0.045     1.769 r  u_leds/leds[12]_i_1/O
                         net (fo=1, routed)           0.000     1.769    u_leds/WriteData[12]
    SLICE_X15Y37         FDCE                                         r  u_leds/leds_reg[12]/D
  -------------------------------------------------------------------    -------------------

                         (clock sys_clk_pin rise edge)
                                                      0.000     0.000 r  
    W5                                                0.000     0.000 r  clk (IN)
                         net (fo=0)                   0.000     0.000    clk
    W5                   IBUF (Prop_ibuf_I_O)         0.414     0.414 r  clk_IBUF_inst/O
                         net (fo=1, routed)           0.685     1.099    clk_IBUF
    BUFGCTRL_X0Y0        BUFG (Prop_bufg_I_O)         0.029     1.128 r  clk_IBUF_BUFG_inst/O
                         net (fo=53, routed)          0.832     1.959    u_leds/CLK
    SLICE_X15Y37         FDCE                                         r  u_leds/leds_reg[12]/C
                         clock pessimism             -0.498     1.461    
    SLICE_X15Y37         FDCE (Hold_fdce_C_D)         0.091     1.552    u_leds/leds_reg[12]
  -------------------------------------------------------------------
                         required time                         -1.552    
                         arrival time                           1.769    
  -------------------------------------------------------------------
                         slack                                  0.217    





Pulse Width Checks
--------------------------------------------------------------------------------------
Clock Name:         sys_clk_pin
Waveform(ns):       { 0.000 5.000 }
Period(ns):         10.000
Sources:            { clk }

Check Type        Corner  Lib Pin  Reference Pin  Required(ns)  Actual(ns)  Slack(ns)  Location       Pin
Min Period        n/a     BUFG/I   n/a            2.155         10.000      7.845      BUFGCTRL_X0Y0  clk_IBUF_BUFG_inst/I
Min Period        n/a     FDPE/C   n/a            1.000         10.000      9.000      SLICE_X15Y34   FSM_onehot_state_reg[0]/C
Min Period        n/a     FDCE/C   n/a            1.000         10.000      9.000      SLICE_X14Y34   FSM_onehot_state_reg[1]/C
Min Period        n/a     FDCE/C   n/a            1.000         10.000      9.000      SLICE_X14Y36   FSM_onehot_state_reg[2]/C
Min Period        n/a     FDCE/C   n/a            1.000         10.000      9.000      SLICE_X15Y34   FSM_onehot_state_reg[3]/C
Min Period        n/a     FDCE/C   n/a            1.000         10.000      9.000      SLICE_X14Y34   FSM_onehot_state_reg[4]/C
Min Period        n/a     FDCE/C   n/a            1.000         10.000      9.000      SLICE_X13Y34   switch_data_reg[0]/C
Min Period        n/a     FDCE/C   n/a            1.000         10.000      9.000      SLICE_X14Y35   switch_data_reg[10]/C
Min Period        n/a     FDCE/C   n/a            1.000         10.000      9.000      SLICE_X14Y35   switch_data_reg[11]/C
Min Period        n/a     FDCE/C   n/a            1.000         10.000      9.000      SLICE_X15Y36   switch_data_reg[12]/C
Low Pulse Width   Slow    FDCE/C   n/a            0.500         5.000       4.500      SLICE_X14Y36   FSM_onehot_state_reg[2]/C
Low Pulse Width   Slow    FDCE/C   n/a            0.500         5.000       4.500      SLICE_X14Y35   switch_data_reg[10]/C
Low Pulse Width   Slow    FDCE/C   n/a            0.500         5.000       4.500      SLICE_X14Y35   switch_data_reg[11]/C
Low Pulse Width   Slow    FDCE/C   n/a            0.500         5.000       4.500      SLICE_X15Y36   switch_data_reg[12]/C
Low Pulse Width   Slow    FDCE/C   n/a            0.500         5.000       4.500      SLICE_X15Y36   switch_data_reg[13]/C
Low Pulse Width   Slow    FDCE/C   n/a            0.500         5.000       4.500      SLICE_X14Y38   switch_data_reg[14]/C
Low Pulse Width   Slow    FDCE/C   n/a            0.500         5.000       4.500      SLICE_X14Y38   switch_data_reg[15]/C
Low Pulse Width   Slow    FDCE/C   n/a            0.500         5.000       4.500      SLICE_X14Y38   switch_data_reg[8]/C
Low Pulse Width   Slow    FDCE/C   n/a            0.500         5.000       4.500      SLICE_X14Y38   switch_data_reg[9]/C
Low Pulse Width   Slow    FDCE/C   n/a            0.500         5.000       4.500      SLICE_X15Y37   u_leds/leds_reg[12]/C
High Pulse Width  Fast    FDCE/C   n/a            0.500         5.000       4.500      SLICE_X13Y33   switch_data_reg[2]/C
High Pulse Width  Fast    FDCE/C   n/a            0.500         5.000       4.500      SLICE_X13Y33   switch_data_reg[3]/C
High Pulse Width  Fast    FDCE/C   n/a            0.500         5.000       4.500      SLICE_X13Y33   switch_data_reg[4]/C
High Pulse Width  Fast    FDCE/C   n/a            0.500         5.000       4.500      SLICE_X13Y33   switch_data_reg[5]/C
High Pulse Width  Fast    FDCE/C   n/a            0.500         5.000       4.500      SLICE_X14Y33   switch_data_reg[6]/C
High Pulse Width  Fast    FDCE/C   n/a            0.500         5.000       4.500      SLICE_X14Y33   switch_data_reg[7]/C
High Pulse Width  Fast    FDCE/C   n/a            0.500         5.000       4.500      SLICE_X12Y33   u_leds/leds_reg[2]/C
High Pulse Width  Fast    FDCE/C   n/a            0.500         5.000       4.500      SLICE_X12Y33   u_leds/leds_reg[3]/C
High Pulse Width  Fast    FDCE/C   n/a            0.500         5.000       4.500      SLICE_X12Y33   u_leds/leds_reg[4]/C
High Pulse Width  Fast    FDCE/C   n/a            0.500         5.000       4.500      SLICE_X12Y33   u_leds/leds_reg[5]/C



